
[debug] [2025-02-23T01:10:17.092Z] ----------------------------------------------------------------------
[debug] [2025-02-23T01:10:17.098Z] Command:       C:\Program Files\nodejs\node.exe C:\Program Files\nodejs\node_modules\firebase-tools\lib\bin\firebase.js deploy --only functions
[debug] [2025-02-23T01:10:17.099Z] CLI Version:   13.31.2
[debug] [2025-02-23T01:10:17.100Z] Platform:      win32
[debug] [2025-02-23T01:10:17.100Z] Node Version:  v18.20.7
[debug] [2025-02-23T01:10:17.122Z] Time:          Sat Feb 22 2025 20:10:17 GMT-0500 (Eastern Standard Time)
[debug] [2025-02-23T01:10:17.123Z] ----------------------------------------------------------------------
[debug] 
[debug] [2025-02-23T01:10:17.672Z] > command requires scopes: ["email","openid","https://www.googleapis.com/auth/cloudplatformprojects.readonly","https://www.googleapis.com/auth/firebase","https://www.googleapis.com/auth/cloud-platform"]
[debug] [2025-02-23T01:10:17.674Z] > authorizing via signed-in user (sahibjotbhoday@gmail.com)
[debug] [2025-02-23T01:10:17.674Z] [iam] checking project naloxonefinder-2067f for permissions ["cloudfunctions.functions.create","cloudfunctions.functions.delete","cloudfunctions.functions.get","cloudfunctions.functions.list","cloudfunctions.functions.update","cloudfunctions.operations.get","firebase.projects.get"]
[debug] [2025-02-23T01:10:17.681Z] Checked if tokens are valid: true, expires at: 1740275506372
[debug] [2025-02-23T01:10:17.681Z] Checked if tokens are valid: true, expires at: 1740275506372
[debug] [2025-02-23T01:10:17.686Z] >>> [apiv2][query] POST https://cloudresourcemanager.googleapis.com/v1/projects/naloxonefinder-2067f:testIamPermissions [none]
[debug] [2025-02-23T01:10:17.686Z] >>> [apiv2][(partial)header] POST https://cloudresourcemanager.googleapis.com/v1/projects/naloxonefinder-2067f:testIamPermissions x-goog-quota-user=projects/naloxonefinder-2067f
[debug] [2025-02-23T01:10:17.687Z] >>> [apiv2][body] POST https://cloudresourcemanager.googleapis.com/v1/projects/naloxonefinder-2067f:testIamPermissions {"permissions":["cloudfunctions.functions.create","cloudfunctions.functions.delete","cloudfunctions.functions.get","cloudfunctions.functions.list","cloudfunctions.functions.update","cloudfunctions.operations.get","firebase.projects.get"]}
[debug] [2025-02-23T01:10:18.038Z] <<< [apiv2][status] POST https://cloudresourcemanager.googleapis.com/v1/projects/naloxonefinder-2067f:testIamPermissions 200
[debug] [2025-02-23T01:10:18.038Z] <<< [apiv2][body] POST https://cloudresourcemanager.googleapis.com/v1/projects/naloxonefinder-2067f:testIamPermissions {"permissions":["cloudfunctions.functions.create","cloudfunctions.functions.delete","cloudfunctions.functions.get","cloudfunctions.functions.list","cloudfunctions.functions.update","cloudfunctions.operations.get","firebase.projects.get"]}
[debug] [2025-02-23T01:10:18.039Z] Checked if tokens are valid: true, expires at: 1740275506372
[debug] [2025-02-23T01:10:18.039Z] Checked if tokens are valid: true, expires at: 1740275506372
[debug] [2025-02-23T01:10:18.040Z] >>> [apiv2][query] POST https://iam.googleapis.com/v1/projects/naloxonefinder-2067f/serviceAccounts/naloxonefinder-2067f@appspot.gserviceaccount.com:testIamPermissions [none]
[debug] [2025-02-23T01:10:18.040Z] >>> [apiv2][body] POST https://iam.googleapis.com/v1/projects/naloxonefinder-2067f/serviceAccounts/naloxonefinder-2067f@appspot.gserviceaccount.com:testIamPermissions {"permissions":["iam.serviceAccounts.actAs"]}
[debug] [2025-02-23T01:10:18.345Z] <<< [apiv2][status] POST https://iam.googleapis.com/v1/projects/naloxonefinder-2067f/serviceAccounts/naloxonefinder-2067f@appspot.gserviceaccount.com:testIamPermissions 200
[debug] [2025-02-23T01:10:18.346Z] <<< [apiv2][body] POST https://iam.googleapis.com/v1/projects/naloxonefinder-2067f/serviceAccounts/naloxonefinder-2067f@appspot.gserviceaccount.com:testIamPermissions {"permissions":["iam.serviceAccounts.actAs"]}
[info] 
[info] === Deploying to 'naloxonefinder-2067f'...
[info] 
[info] i  deploying functions 
[info] Running command: npm --prefix "$RESOURCE_DIR" run lint
[info] +  functions: Finished running predeploy script. 
[debug] [2025-02-23T01:10:25.803Z] Checked if tokens are valid: true, expires at: 1740275506372
[debug] [2025-02-23T01:10:25.803Z] Checked if tokens are valid: true, expires at: 1740275506372
[debug] [2025-02-23T01:10:25.804Z] >>> [apiv2][query] GET https://cloudresourcemanager.googleapis.com/v1/projects/naloxonefinder-2067f [none]
[debug] [2025-02-23T01:10:25.929Z] <<< [apiv2][status] GET https://cloudresourcemanager.googleapis.com/v1/projects/naloxonefinder-2067f 200
[debug] [2025-02-23T01:10:25.930Z] <<< [apiv2][body] GET https://cloudresourcemanager.googleapis.com/v1/projects/naloxonefinder-2067f {"projectNumber":"59850262489","projectId":"naloxonefinder-2067f","lifecycleState":"ACTIVE","name":"NaloxoneFinder","labels":{"firebase":"enabled","firebase-core":"disabled"},"createTime":"2025-02-22T01:54:16.059094Z"}
[info] i  functions: preparing codebase default for deployment 
[info] i  functions: ensuring required API cloudfunctions.googleapis.com is enabled... 
[debug] [2025-02-23T01:10:25.935Z] Checked if tokens are valid: true, expires at: 1740275506372
[debug] [2025-02-23T01:10:25.935Z] Checked if tokens are valid: true, expires at: 1740275506372
[debug] [2025-02-23T01:10:25.935Z] Checked if tokens are valid: true, expires at: 1740275506372
[debug] [2025-02-23T01:10:25.935Z] Checked if tokens are valid: true, expires at: 1740275506372
[info] i  functions: ensuring required API cloudbuild.googleapis.com is enabled... 
[debug] [2025-02-23T01:10:25.937Z] Checked if tokens are valid: true, expires at: 1740275506372
[debug] [2025-02-23T01:10:25.937Z] Checked if tokens are valid: true, expires at: 1740275506372
[info] i  artifactregistry: ensuring required API artifactregistry.googleapis.com is enabled... 
[debug] [2025-02-23T01:10:25.939Z] Checked if tokens are valid: true, expires at: 1740275506372
[debug] [2025-02-23T01:10:25.939Z] Checked if tokens are valid: true, expires at: 1740275506372
[debug] [2025-02-23T01:10:25.939Z] >>> [apiv2][query] GET https://serviceusage.googleapis.com/v1/projects/naloxonefinder-2067f/services/cloudfunctions.googleapis.com [none]
[debug] [2025-02-23T01:10:25.939Z] >>> [apiv2][(partial)header] GET https://serviceusage.googleapis.com/v1/projects/naloxonefinder-2067f/services/cloudfunctions.googleapis.com x-goog-quota-user=projects/naloxonefinder-2067f
[debug] [2025-02-23T01:10:25.942Z] >>> [apiv2][query] GET https://serviceusage.googleapis.com/v1/projects/naloxonefinder-2067f/services/runtimeconfig.googleapis.com [none]
[debug] [2025-02-23T01:10:25.943Z] >>> [apiv2][(partial)header] GET https://serviceusage.googleapis.com/v1/projects/naloxonefinder-2067f/services/runtimeconfig.googleapis.com x-goog-quota-user=projects/naloxonefinder-2067f
[debug] [2025-02-23T01:10:25.945Z] >>> [apiv2][query] GET https://serviceusage.googleapis.com/v1/projects/naloxonefinder-2067f/services/cloudbuild.googleapis.com [none]
[debug] [2025-02-23T01:10:25.945Z] >>> [apiv2][(partial)header] GET https://serviceusage.googleapis.com/v1/projects/naloxonefinder-2067f/services/cloudbuild.googleapis.com x-goog-quota-user=projects/naloxonefinder-2067f
[debug] [2025-02-23T01:10:25.948Z] >>> [apiv2][query] GET https://serviceusage.googleapis.com/v1/projects/naloxonefinder-2067f/services/artifactregistry.googleapis.com [none]
[debug] [2025-02-23T01:10:25.949Z] >>> [apiv2][(partial)header] GET https://serviceusage.googleapis.com/v1/projects/naloxonefinder-2067f/services/artifactregistry.googleapis.com x-goog-quota-user=projects/naloxonefinder-2067f
[debug] [2025-02-23T01:10:26.247Z] <<< [apiv2][status] GET https://serviceusage.googleapis.com/v1/projects/naloxonefinder-2067f/services/runtimeconfig.googleapis.com 200
[debug] [2025-02-23T01:10:26.248Z] <<< [apiv2][body] GET https://serviceusage.googleapis.com/v1/projects/naloxonefinder-2067f/services/runtimeconfig.googleapis.com [omitted]
[debug] [2025-02-23T01:10:26.251Z] <<< [apiv2][status] GET https://serviceusage.googleapis.com/v1/projects/naloxonefinder-2067f/services/artifactregistry.googleapis.com 200
[debug] [2025-02-23T01:10:26.251Z] <<< [apiv2][body] GET https://serviceusage.googleapis.com/v1/projects/naloxonefinder-2067f/services/artifactregistry.googleapis.com [omitted]
[info] +  artifactregistry: required API artifactregistry.googleapis.com is enabled 
[debug] [2025-02-23T01:10:26.369Z] <<< [apiv2][status] GET https://serviceusage.googleapis.com/v1/projects/naloxonefinder-2067f/services/cloudbuild.googleapis.com 200
[debug] [2025-02-23T01:10:26.370Z] <<< [apiv2][body] GET https://serviceusage.googleapis.com/v1/projects/naloxonefinder-2067f/services/cloudbuild.googleapis.com [omitted]
[info] +  functions: required API cloudbuild.googleapis.com is enabled 
[debug] [2025-02-23T01:10:26.423Z] <<< [apiv2][status] GET https://serviceusage.googleapis.com/v1/projects/naloxonefinder-2067f/services/cloudfunctions.googleapis.com 200
[debug] [2025-02-23T01:10:26.424Z] <<< [apiv2][body] GET https://serviceusage.googleapis.com/v1/projects/naloxonefinder-2067f/services/cloudfunctions.googleapis.com [omitted]
[info] +  functions: required API cloudfunctions.googleapis.com is enabled 
[debug] [2025-02-23T01:10:26.425Z] Checked if tokens are valid: true, expires at: 1740275506372
[debug] [2025-02-23T01:10:26.425Z] Checked if tokens are valid: true, expires at: 1740275506372
[debug] [2025-02-23T01:10:26.426Z] >>> [apiv2][query] GET https://firebase.googleapis.com/v1beta1/projects/naloxonefinder-2067f/adminSdkConfig [none]
[debug] [2025-02-23T01:10:27.071Z] <<< [apiv2][status] GET https://firebase.googleapis.com/v1beta1/projects/naloxonefinder-2067f/adminSdkConfig 200
[debug] [2025-02-23T01:10:27.071Z] <<< [apiv2][body] GET https://firebase.googleapis.com/v1beta1/projects/naloxonefinder-2067f/adminSdkConfig {"projectId":"naloxonefinder-2067f","storageBucket":"naloxonefinder-2067f.firebasestorage.app"}
[debug] [2025-02-23T01:10:27.071Z] Checked if tokens are valid: true, expires at: 1740275506372
[debug] [2025-02-23T01:10:27.072Z] Checked if tokens are valid: true, expires at: 1740275506372
[debug] [2025-02-23T01:10:27.072Z] >>> [apiv2][query] GET https://runtimeconfig.googleapis.com/v1beta1/projects/naloxonefinder-2067f/configs [none]
[debug] [2025-02-23T01:10:27.487Z] <<< [apiv2][status] GET https://runtimeconfig.googleapis.com/v1beta1/projects/naloxonefinder-2067f/configs 200
[debug] [2025-02-23T01:10:27.488Z] <<< [apiv2][body] GET https://runtimeconfig.googleapis.com/v1beta1/projects/naloxonefinder-2067f/configs {}
[debug] [2025-02-23T01:10:27.491Z] Validating nodejs source
[debug] [2025-02-23T01:10:29.718Z] > [functions] package.json contents: {
  "name": "functions",
  "description": "Cloud Functions for Firebase",
  "scripts": {
    "lint": "eslint . --ext .js,.jsx,.ts,.tsx",
    "lint:fix": "eslint . --ext .js,.jsx,.ts,.tsx --fix",
    "lint:expo": "expo lint",
    "serve": "firebase emulators:start --only functions",
    "shell": "firebase functions:shell",
    "start": "npm run shell",
    "deploy": "firebase deploy --only functions",
    "logs": "firebase functions:log"
  },
  "engines": {
    "node": "22"
  },
  "main": "index.js",
  "dependencies": {
    "firebase-admin": "^11.11.0",
    "firebase-functions": "^4.6.0",
    "@google-cloud/vision": "^3.5.0"
  },
  "devDependencies": {
    "eslint": "^8.15.0",
    "eslint-config-google": "^0.14.0",
    "firebase-functions-test": "^3.1.0"
  },
  "private": true
}
[debug] [2025-02-23T01:10:29.718Z] Building nodejs source
[info] i  functions: Loading and analyzing source code for codebase default to determine what to deploy 
[debug] [2025-02-23T01:10:29.720Z] Could not find functions.yaml. Must use http discovery
[debug] [2025-02-23T01:10:29.732Z] Found firebase-functions binary at 'C:\Users\sahib\Downloads\Hack Canada\NaloxoneFinal\NaloxoneFinderApp\functions\node_modules\.bin\firebase-functions'
[info] Serving at port 8965

[debug] [2025-02-23T01:10:32.951Z] Got response from /__/functions.yaml {"endpoints":{"validatePhoto":{"platform":"gcfv2","availableMemoryMb":null,"timeoutSeconds":null,"minInstances":null,"maxInstances":null,"ingressSettings":null,"concurrency":null,"serviceAccountEmail":null,"vpc":null,"labels":{},"eventTrigger":{"eventType":"google.cloud.storage.object.v1.finalized","eventFilters":{"bucket":"naloxonefinder-2067f.firebasestorage.app"},"retry":false},"entryPoint":"validatePhoto"}},"specVersion":"v1alpha1","requiredAPIs":[],"extensions":{}}
[info] i  extensions: ensuring required API firebaseextensions.googleapis.com is enabled... 
[debug] [2025-02-23T01:10:33.040Z] Checked if tokens are valid: true, expires at: 1740275506372
[debug] [2025-02-23T01:10:33.040Z] Checked if tokens are valid: true, expires at: 1740275506372
[debug] [2025-02-23T01:10:33.041Z] >>> [apiv2][query] GET https://serviceusage.googleapis.com/v1/projects/naloxonefinder-2067f/services/firebaseextensions.googleapis.com [none]
[debug] [2025-02-23T01:10:33.041Z] >>> [apiv2][(partial)header] GET https://serviceusage.googleapis.com/v1/projects/naloxonefinder-2067f/services/firebaseextensions.googleapis.com x-goog-quota-user=projects/naloxonefinder-2067f
[debug] [2025-02-23T01:10:33.318Z] <<< [apiv2][status] GET https://serviceusage.googleapis.com/v1/projects/naloxonefinder-2067f/services/firebaseextensions.googleapis.com 200
[debug] [2025-02-23T01:10:33.318Z] <<< [apiv2][body] GET https://serviceusage.googleapis.com/v1/projects/naloxonefinder-2067f/services/firebaseextensions.googleapis.com [omitted]
[info] +  extensions: required API firebaseextensions.googleapis.com is enabled 
[debug] [2025-02-23T01:10:33.319Z] > command requires scopes: ["email","openid","https://www.googleapis.com/auth/cloudplatformprojects.readonly","https://www.googleapis.com/auth/firebase","https://www.googleapis.com/auth/cloud-platform"]
[debug] [2025-02-23T01:10:33.320Z] > authorizing via signed-in user (sahibjotbhoday@gmail.com)
[debug] [2025-02-23T01:10:33.320Z] [iam] checking project naloxonefinder-2067f for permissions ["firebase.projects.get","firebaseextensions.instances.list"]
[debug] [2025-02-23T01:10:33.320Z] Checked if tokens are valid: true, expires at: 1740275506372
[debug] [2025-02-23T01:10:33.320Z] Checked if tokens are valid: true, expires at: 1740275506372
[debug] [2025-02-23T01:10:33.321Z] >>> [apiv2][query] POST https://cloudresourcemanager.googleapis.com/v1/projects/naloxonefinder-2067f:testIamPermissions [none]
[debug] [2025-02-23T01:10:33.321Z] >>> [apiv2][(partial)header] POST https://cloudresourcemanager.googleapis.com/v1/projects/naloxonefinder-2067f:testIamPermissions x-goog-quota-user=projects/naloxonefinder-2067f
[debug] [2025-02-23T01:10:33.321Z] >>> [apiv2][body] POST https://cloudresourcemanager.googleapis.com/v1/projects/naloxonefinder-2067f:testIamPermissions {"permissions":["firebase.projects.get","firebaseextensions.instances.list"]}
[debug] [2025-02-23T01:10:33.640Z] <<< [apiv2][status] POST https://cloudresourcemanager.googleapis.com/v1/projects/naloxonefinder-2067f:testIamPermissions 200
[debug] [2025-02-23T01:10:33.640Z] <<< [apiv2][body] POST https://cloudresourcemanager.googleapis.com/v1/projects/naloxonefinder-2067f:testIamPermissions {"permissions":["firebase.projects.get","firebaseextensions.instances.list"]}
[debug] [2025-02-23T01:10:33.641Z] Checked if tokens are valid: true, expires at: 1740275506372
[debug] [2025-02-23T01:10:33.641Z] Checked if tokens are valid: true, expires at: 1740275506372
[debug] [2025-02-23T01:10:33.642Z] >>> [apiv2][query] GET https://firebaseextensions.googleapis.com/v1beta/projects/naloxonefinder-2067f/instances pageSize=100&pageToken=
[debug] [2025-02-23T01:10:34.095Z] <<< [apiv2][status] GET https://firebaseextensions.googleapis.com/v1beta/projects/naloxonefinder-2067f/instances 200
[debug] [2025-02-23T01:10:34.095Z] <<< [apiv2][body] GET https://firebaseextensions.googleapis.com/v1beta/projects/naloxonefinder-2067f/instances {}
[info] i  functions: preparing functions directory for uploading... 
[info] i  functions: packaged C:\Users\sahib\Downloads\Hack Canada\NaloxoneFinal\NaloxoneFinderApp\functions (73.91 KB) for uploading 
[debug] [2025-02-23T01:10:34.185Z] Checked if tokens are valid: true, expires at: 1740275506372
[debug] [2025-02-23T01:10:34.185Z] Checked if tokens are valid: true, expires at: 1740275506372
[debug] [2025-02-23T01:10:34.185Z] >>> [apiv2][query] GET https://cloudfunctions.googleapis.com/v1/projects/naloxonefinder-2067f/locations/-/functions [none]
[debug] [2025-02-23T01:10:34.770Z] <<< [apiv2][status] GET https://cloudfunctions.googleapis.com/v1/projects/naloxonefinder-2067f/locations/-/functions 200
[debug] [2025-02-23T01:10:34.770Z] <<< [apiv2][body] GET https://cloudfunctions.googleapis.com/v1/projects/naloxonefinder-2067f/locations/-/functions {}
[debug] [2025-02-23T01:10:34.771Z] Checked if tokens are valid: true, expires at: 1740275506372
[debug] [2025-02-23T01:10:34.771Z] Checked if tokens are valid: true, expires at: 1740275506372
[debug] [2025-02-23T01:10:34.772Z] >>> [apiv2][query] GET https://cloudfunctions.googleapis.com/v2/projects/naloxonefinder-2067f/locations/-/functions filter=environment%3D%22GEN_2%22
[debug] [2025-02-23T01:10:35.317Z] <<< [apiv2][status] GET https://cloudfunctions.googleapis.com/v2/projects/naloxonefinder-2067f/locations/-/functions 200
[debug] [2025-02-23T01:10:35.317Z] <<< [apiv2][body] GET https://cloudfunctions.googleapis.com/v2/projects/naloxonefinder-2067f/locations/-/functions {}
[debug] [2025-02-23T01:10:35.319Z] Looking up bucket region for the storage event trigger
[debug] [2025-02-23T01:10:35.319Z] Looking up bucket region for the storage event trigger on bucket naloxonefinder-2067f.firebasestorage.app
[debug] [2025-02-23T01:10:35.319Z] Checked if tokens are valid: true, expires at: 1740275506372
[debug] [2025-02-23T01:10:35.319Z] Checked if tokens are valid: true, expires at: 1740275506372
[debug] [2025-02-23T01:10:35.320Z] >>> [apiv2][query] GET https://storage.googleapis.com/storage/v1/b/naloxonefinder-2067f.firebasestorage.app [none]
[debug] [2025-02-23T01:10:35.464Z] <<< [apiv2][status] GET https://storage.googleapis.com/storage/v1/b/naloxonefinder-2067f.firebasestorage.app 200
[debug] [2025-02-23T01:10:35.465Z] <<< [apiv2][body] GET https://storage.googleapis.com/storage/v1/b/naloxonefinder-2067f.firebasestorage.app {"kind":"storage#bucket","selfLink":"https://www.googleapis.com/storage/v1/b/naloxonefinder-2067f.firebasestorage.app","id":"naloxonefinder-2067f.firebasestorage.app","name":"naloxonefinder-2067f.firebasestorage.app","projectNumber":"59850262489","generation":"1740267635133237199","metageneration":"2","location":"US-CENTRAL1","storageClass":"REGIONAL","etag":"CAI=","timeCreated":"2025-02-22T23:40:35.187Z","updated":"2025-02-23T01:09:40.937Z","softDeletePolicy":{"retentionDurationSeconds":"604800","effectiveTime":"2025-02-22T23:40:35.187Z"},"iamConfiguration":{"bucketPolicyOnly":{"enabled":false},"uniformBucketLevelAccess":{"enabled":false},"publicAccessPrevention":"inherited"},"locationType":"region","satisfiesPZI":true}
[debug] [2025-02-23T01:10:35.465Z] Setting the event trigger region to us-central1 .
[info] i  functions: ensuring required API run.googleapis.com is enabled... 
[debug] [2025-02-23T01:10:35.469Z] Checked if tokens are valid: true, expires at: 1740275506372
[debug] [2025-02-23T01:10:35.469Z] Checked if tokens are valid: true, expires at: 1740275506372
[info] i  functions: ensuring required API eventarc.googleapis.com is enabled... 
[debug] [2025-02-23T01:10:35.471Z] Checked if tokens are valid: true, expires at: 1740275506372
[debug] [2025-02-23T01:10:35.471Z] Checked if tokens are valid: true, expires at: 1740275506372
[info] i  functions: ensuring required API pubsub.googleapis.com is enabled... 
[debug] [2025-02-23T01:10:35.472Z] Checked if tokens are valid: true, expires at: 1740275506372
[debug] [2025-02-23T01:10:35.472Z] Checked if tokens are valid: true, expires at: 1740275506372
[info] i  functions: ensuring required API storage.googleapis.com is enabled... 
[debug] [2025-02-23T01:10:35.473Z] Checked if tokens are valid: true, expires at: 1740275506372
[debug] [2025-02-23T01:10:35.473Z] Checked if tokens are valid: true, expires at: 1740275506372
[debug] [2025-02-23T01:10:35.473Z] >>> [apiv2][query] GET https://serviceusage.googleapis.com/v1/projects/naloxonefinder-2067f/services/run.googleapis.com [none]
[debug] [2025-02-23T01:10:35.474Z] >>> [apiv2][(partial)header] GET https://serviceusage.googleapis.com/v1/projects/naloxonefinder-2067f/services/run.googleapis.com x-goog-quota-user=projects/naloxonefinder-2067f
[debug] [2025-02-23T01:10:35.477Z] >>> [apiv2][query] GET https://serviceusage.googleapis.com/v1/projects/naloxonefinder-2067f/services/eventarc.googleapis.com [none]
[debug] [2025-02-23T01:10:35.477Z] >>> [apiv2][(partial)header] GET https://serviceusage.googleapis.com/v1/projects/naloxonefinder-2067f/services/eventarc.googleapis.com x-goog-quota-user=projects/naloxonefinder-2067f
[debug] [2025-02-23T01:10:35.481Z] >>> [apiv2][query] GET https://serviceusage.googleapis.com/v1/projects/naloxonefinder-2067f/services/pubsub.googleapis.com [none]
[debug] [2025-02-23T01:10:35.481Z] >>> [apiv2][(partial)header] GET https://serviceusage.googleapis.com/v1/projects/naloxonefinder-2067f/services/pubsub.googleapis.com x-goog-quota-user=projects/naloxonefinder-2067f
[debug] [2025-02-23T01:10:35.484Z] >>> [apiv2][query] GET https://serviceusage.googleapis.com/v1/projects/naloxonefinder-2067f/services/storage.googleapis.com [none]
[debug] [2025-02-23T01:10:35.484Z] >>> [apiv2][(partial)header] GET https://serviceusage.googleapis.com/v1/projects/naloxonefinder-2067f/services/storage.googleapis.com x-goog-quota-user=projects/naloxonefinder-2067f
[debug] [2025-02-23T01:10:35.749Z] <<< [apiv2][status] GET https://serviceusage.googleapis.com/v1/projects/naloxonefinder-2067f/services/storage.googleapis.com 200
[debug] [2025-02-23T01:10:35.750Z] <<< [apiv2][body] GET https://serviceusage.googleapis.com/v1/projects/naloxonefinder-2067f/services/storage.googleapis.com [omitted]
[info] +  functions: required API storage.googleapis.com is enabled 
[debug] [2025-02-23T01:10:35.786Z] <<< [apiv2][status] GET https://serviceusage.googleapis.com/v1/projects/naloxonefinder-2067f/services/pubsub.googleapis.com 200
[debug] [2025-02-23T01:10:35.786Z] <<< [apiv2][body] GET https://serviceusage.googleapis.com/v1/projects/naloxonefinder-2067f/services/pubsub.googleapis.com [omitted]
[info] +  functions: required API pubsub.googleapis.com is enabled 
[debug] [2025-02-23T01:10:35.791Z] <<< [apiv2][status] GET https://serviceusage.googleapis.com/v1/projects/naloxonefinder-2067f/services/run.googleapis.com 200
[debug] [2025-02-23T01:10:35.791Z] <<< [apiv2][body] GET https://serviceusage.googleapis.com/v1/projects/naloxonefinder-2067f/services/run.googleapis.com [omitted]
[info] +  functions: required API run.googleapis.com is enabled 
[debug] [2025-02-23T01:10:35.900Z] <<< [apiv2][status] GET https://serviceusage.googleapis.com/v1/projects/naloxonefinder-2067f/services/eventarc.googleapis.com 200
[debug] [2025-02-23T01:10:35.900Z] <<< [apiv2][body] GET https://serviceusage.googleapis.com/v1/projects/naloxonefinder-2067f/services/eventarc.googleapis.com [omitted]
[info] +  functions: required API eventarc.googleapis.com is enabled 
[info] i  functions: generating the service identity for pubsub.googleapis.com... 
[debug] [2025-02-23T01:10:35.901Z] Checked if tokens are valid: true, expires at: 1740275506372
[debug] [2025-02-23T01:10:35.902Z] Checked if tokens are valid: true, expires at: 1740275506372
[info] i  functions: generating the service identity for eventarc.googleapis.com... 
[debug] [2025-02-23T01:10:35.902Z] Checked if tokens are valid: true, expires at: 1740275506372
[debug] [2025-02-23T01:10:35.902Z] Checked if tokens are valid: true, expires at: 1740275506372
[debug] [2025-02-23T01:10:35.902Z] >>> [apiv2][query] POST https://serviceusage.googleapis.com/v1beta1/projects/59850262489/services/pubsub.googleapis.com:generateServiceIdentity [none]
[debug] [2025-02-23T01:10:35.905Z] >>> [apiv2][query] POST https://serviceusage.googleapis.com/v1beta1/projects/59850262489/services/eventarc.googleapis.com:generateServiceIdentity [none]
[debug] [2025-02-23T01:10:36.225Z] <<< [apiv2][status] POST https://serviceusage.googleapis.com/v1beta1/projects/59850262489/services/pubsub.googleapis.com:generateServiceIdentity 200
[debug] [2025-02-23T01:10:36.226Z] <<< [apiv2][body] POST https://serviceusage.googleapis.com/v1beta1/projects/59850262489/services/pubsub.googleapis.com:generateServiceIdentity {"name":"operations/finished.DONE_OPERATION","done":true,"response":{"@type":"type.googleapis.com/google.api.serviceusage.v1beta1.ServiceIdentity","email":"service-59850262489@gcp-sa-pubsub.iam.gserviceaccount.com","uniqueId":"105385959611782268085"}}
[debug] [2025-02-23T01:10:36.235Z] <<< [apiv2][status] POST https://serviceusage.googleapis.com/v1beta1/projects/59850262489/services/eventarc.googleapis.com:generateServiceIdentity 200
[debug] [2025-02-23T01:10:36.236Z] <<< [apiv2][body] POST https://serviceusage.googleapis.com/v1beta1/projects/59850262489/services/eventarc.googleapis.com:generateServiceIdentity {"name":"operations/finished.DONE_OPERATION","done":true,"response":{"@type":"type.googleapis.com/google.api.serviceusage.v1beta1.ServiceIdentity","email":"service-59850262489@gcp-sa-eventarc.iam.gserviceaccount.com","uniqueId":"101131386620242438707"}}
[debug] [2025-02-23T01:10:36.239Z] Checked if tokens are valid: true, expires at: 1740275506372
[debug] [2025-02-23T01:10:36.239Z] Checked if tokens are valid: true, expires at: 1740275506372
[debug] [2025-02-23T01:10:36.240Z] >>> [apiv2][query] GET https://storage.googleapis.com/storage/v1/projects/59850262489/serviceAccount [none]
[debug] [2025-02-23T01:10:36.458Z] <<< [apiv2][status] GET https://storage.googleapis.com/storage/v1/projects/59850262489/serviceAccount 200
[debug] [2025-02-23T01:10:36.459Z] <<< [apiv2][body] GET https://storage.googleapis.com/storage/v1/projects/59850262489/serviceAccount {"kind":"storage#serviceAccount","email_address":"service-59850262489@gs-project-accounts.iam.gserviceaccount.com"}
[debug] [2025-02-23T01:10:36.459Z] Checked if tokens are valid: true, expires at: 1740275506372
[debug] [2025-02-23T01:10:36.459Z] Checked if tokens are valid: true, expires at: 1740275506372
[debug] [2025-02-23T01:10:36.460Z] >>> [apiv2][query] POST https://cloudresourcemanager.googleapis.com/v1/projects/59850262489:getIamPolicy [none]
[debug] [2025-02-23T01:10:36.682Z] <<< [apiv2][status] POST https://cloudresourcemanager.googleapis.com/v1/projects/59850262489:getIamPolicy 200
[debug] [2025-02-23T01:10:36.683Z] <<< [apiv2][body] POST https://cloudresourcemanager.googleapis.com/v1/projects/59850262489:getIamPolicy {"version":1,"etag":"BwYuxMf1Xdk=","bindings":[{"role":"roles/cloudbuild.builds.builder","members":["serviceAccount:59850262489@cloudbuild.gserviceaccount.com"]},{"role":"roles/cloudbuild.serviceAgent","members":["serviceAccount:service-59850262489@gcp-sa-cloudbuild.iam.gserviceaccount.com"]},{"role":"roles/cloudfunctions.serviceAgent","members":["serviceAccount:service-59850262489@gcf-admin-robot.iam.gserviceaccount.com"]},{"role":"roles/containerregistry.ServiceAgent","members":["serviceAccount:service-59850262489@containerregistry.iam.gserviceaccount.com"]},{"role":"roles/editor","members":["serviceAccount:59850262489-compute@developer.gserviceaccount.com","serviceAccount:59850262489@cloudservices.gserviceaccount.com","serviceAccount:naloxonefinder-2067f@appspot.gserviceaccount.com"]},{"role":"roles/eventarc.eventReceiver","members":["serviceAccount:59850262489-compute@developer.gserviceaccount.com"]},{"role":"roles/eventarc.serviceAgent","members":["serviceAccount:eventarc-service-account@naloxonefinder-2067f.iam.gserviceaccount.com","serviceAccount:service-59850262489@gcp-sa-eventarc.iam.gserviceaccount.com"]},{"role":"roles/firebase.managementServiceAgent","members":["serviceAccount:service-59850262489@gcp-sa-firebase.iam.gserviceaccount.com"]},{"role":"roles/firebase.sdkAdminServiceAgent","members":["serviceAccount:firebase-adminsdk-fbsvc@naloxonefinder-2067f.iam.gserviceaccount.com"]},{"role":"roles/firebasemods.serviceAgent","members":["serviceAccount:service-59850262489@gcp-sa-firebasemods.iam.gserviceaccount.com"]},{"role":"roles/firebaserules.system","members":["serviceAccount:service-59850262489@firebase-rules.iam.gserviceaccount.com"]},{"role":"roles/firebasestorage.serviceAgent","members":["serviceAccount:service-59850262489@gcp-sa-firebasestorage.iam.gserviceaccount.com"]},{"role":"roles/firestore.serviceAgent","members":["serviceAccount:service-59850262489@gcp-sa-firestore.iam.gserviceaccount.com"]},{"role":"roles/iam.serviceAccountTokenCreator","members":["serviceAccount:firebase-adminsdk-fbsvc@naloxonefinder-2067f.iam.gserviceaccount.com","serviceAccount:service-59850262489@gcp-sa-pubsub.iam.gserviceaccount.com"]},{"role":"roles/owner","members":["user:sahibjotbhoday@gmail.com"]},{"role":"roles/pubsub.publisher","members":["serviceAccount:service-59850262489@gs-project-accounts.iam.gserviceaccount.com"]},{"role":"roles/run.invoker","members":["serviceAccount:59850262489-compute@developer.gserviceaccount.com"]},{"role":"roles/run.serviceAgent","members":["serviceAccount:service-59850262489@serverless-robot-prod.iam.gserviceaccount.com"]},{"role":"roles/storage.admin","members":["serviceAccount:firebase-adminsdk-fbsvc@naloxonefinder-2067f.iam.gserviceaccount.com"]}]}
[debug] [2025-02-23T01:10:36.684Z] Checked if tokens are valid: true, expires at: 1740275506372
[debug] [2025-02-23T01:10:36.684Z] Checked if tokens are valid: true, expires at: 1740275506372
[debug] [2025-02-23T01:10:36.684Z] >>> [apiv2][query] GET https://cloudresourcemanager.googleapis.com/v1/projects/naloxonefinder-2067f [none]
[debug] [2025-02-23T01:10:37.280Z] <<< [apiv2][status] GET https://cloudresourcemanager.googleapis.com/v1/projects/naloxonefinder-2067f 200
[debug] [2025-02-23T01:10:37.280Z] <<< [apiv2][body] GET https://cloudresourcemanager.googleapis.com/v1/projects/naloxonefinder-2067f {"projectNumber":"59850262489","projectId":"naloxonefinder-2067f","lifecycleState":"ACTIVE","name":"NaloxoneFinder","labels":{"firebase":"enabled","firebase-core":"disabled"},"createTime":"2025-02-22T01:54:16.059094Z"}
[debug] [2025-02-23T01:10:37.283Z] Checked if tokens are valid: true, expires at: 1740275506372
[debug] [2025-02-23T01:10:37.283Z] Checked if tokens are valid: true, expires at: 1740275506372
[debug] [2025-02-23T01:10:37.283Z] >>> [apiv2][query] GET https://cloudbilling.googleapis.com/v1/projects/naloxonefinder-2067f/billingInfo [none]
[debug] [2025-02-23T01:10:37.713Z] <<< [apiv2][status] GET https://cloudbilling.googleapis.com/v1/projects/naloxonefinder-2067f/billingInfo 200
[debug] [2025-02-23T01:10:37.713Z] <<< [apiv2][body] GET https://cloudbilling.googleapis.com/v1/projects/naloxonefinder-2067f/billingInfo {"name":"projects/naloxonefinder-2067f/billingInfo","projectId":"naloxonefinder-2067f","billingAccountName":"billingAccounts/012EE5-6650B1-A39AD4","billingEnabled":true}
[debug] [2025-02-23T01:10:37.716Z] Checked if tokens are valid: true, expires at: 1740275506372
[debug] [2025-02-23T01:10:37.716Z] Checked if tokens are valid: true, expires at: 1740275506372
[debug] [2025-02-23T01:10:37.716Z] >>> [apiv2][query] POST https://cloudfunctions.googleapis.com/v2/projects/naloxonefinder-2067f/locations/us-central1/functions:generateUploadUrl [none]
[debug] [2025-02-23T01:10:38.049Z] <<< [apiv2][status] POST https://cloudfunctions.googleapis.com/v2/projects/naloxonefinder-2067f/locations/us-central1/functions:generateUploadUrl 200
[debug] [2025-02-23T01:10:38.050Z] <<< [apiv2][body] POST https://cloudfunctions.googleapis.com/v2/projects/naloxonefinder-2067f/locations/us-central1/functions:generateUploadUrl {"uploadUrl":"https://storage.googleapis.com/gcf-v2-uploads-59850262489.us-central1.cloudfunctions.appspot.com/47604cb7-3732-40ca-a3fd-f098395a5bd5.zip?GoogleAccessId=service-59850262489@gcf-admin-robot.iam.gserviceaccount.com&Expires=1740274837&Signature=bh1Qx%2BJPEapE6EYPAviK6nq2zuA2qpq3kn8vqZZqGEL5oefGuelCvEgovV%2FdSZCnG%2BkECbvZgBDmUFlo3K8SO0SsHVjp7uiqdGqWUNPl8Bk3OjeRLmvB7%2FWYoyqMOt%2FHgDETaTtTx4kXl8988337uGN070EykLSGtfGO5Wdh5YP7j1Kqzgx20ozT4rN9oM6Dxy713KGWFwZs0B%2FDPJa4U1%2BnKXaL%2BK%2FsWWBMYLrEBouWcEmzA0Z%2B0tp54AfdmzWcvfEk%2Fh0I7gh5fdhQX4ESduUTT%2BhITxusoZQRt1aw0pj13gowYifvBMAVqwjyXqKkoifShjNFn0l6RTI47T8kAw%3D%3D","storageSource":{"bucket":"gcf-v2-uploads-59850262489.us-central1.cloudfunctions.appspot.com","object":"47604cb7-3732-40ca-a3fd-f098395a5bd5.zip"}}
[debug] [2025-02-23T01:10:38.052Z] >>> [apiv2][query] PUT https://storage.googleapis.com/gcf-v2-uploads-59850262489.us-central1.cloudfunctions.appspot.com/47604cb7-3732-40ca-a3fd-f098395a5bd5.zip GoogleAccessId=service-59850262489%40gcf-admin-robot.iam.gserviceaccount.com&Expires=1740274837&Signature=bh1Qx%2BJPEapE6EYPAviK6nq2zuA2qpq3kn8vqZZqGEL5oefGuelCvEgovV%2FdSZCnG%2BkECbvZgBDmUFlo3K8SO0SsHVjp7uiqdGqWUNPl8Bk3OjeRLmvB7%2FWYoyqMOt%2FHgDETaTtTx4kXl8988337uGN070EykLSGtfGO5Wdh5YP7j1Kqzgx20ozT4rN9oM6Dxy713KGWFwZs0B%2FDPJa4U1%2BnKXaL%2BK%2FsWWBMYLrEBouWcEmzA0Z%2B0tp54AfdmzWcvfEk%2Fh0I7gh5fdhQX4ESduUTT%2BhITxusoZQRt1aw0pj13gowYifvBMAVqwjyXqKkoifShjNFn0l6RTI47T8kAw%3D%3D
[debug] [2025-02-23T01:10:38.052Z] >>> [apiv2][body] PUT https://storage.googleapis.com/gcf-v2-uploads-59850262489.us-central1.cloudfunctions.appspot.com/47604cb7-3732-40ca-a3fd-f098395a5bd5.zip [stream]
[debug] [2025-02-23T01:10:38.362Z] <<< [apiv2][status] PUT https://storage.googleapis.com/gcf-v2-uploads-59850262489.us-central1.cloudfunctions.appspot.com/47604cb7-3732-40ca-a3fd-f098395a5bd5.zip 200
[debug] [2025-02-23T01:10:38.362Z] <<< [apiv2][body] PUT https://storage.googleapis.com/gcf-v2-uploads-59850262489.us-central1.cloudfunctions.appspot.com/47604cb7-3732-40ca-a3fd-f098395a5bd5.zip [omitted]
[info] +  functions: functions folder uploaded successfully 
[info] i  functions: creating Node.js 22 (2nd Gen) function validatePhoto(us-central1)... 
[debug] [2025-02-23T01:10:38.369Z] Checked if tokens are valid: true, expires at: 1740275506372
[debug] [2025-02-23T01:10:38.369Z] Checked if tokens are valid: true, expires at: 1740275506372
[debug] [2025-02-23T01:10:38.369Z] >>> [apiv2][query] POST https://cloudfunctions.googleapis.com/v2/projects/naloxonefinder-2067f/locations/us-central1/functions functionId=validatePhoto
[debug] [2025-02-23T01:10:38.369Z] >>> [apiv2][body] POST https://cloudfunctions.googleapis.com/v2/projects/naloxonefinder-2067f/locations/us-central1/functions {"name":"projects/naloxonefinder-2067f/locations/us-central1/functions/validatePhoto","buildConfig":{"runtime":"nodejs22","entryPoint":"validatePhoto","source":{"storageSource":{"bucket":"gcf-v2-uploads-59850262489.us-central1.cloudfunctions.appspot.com","object":"47604cb7-3732-40ca-a3fd-f098395a5bd5.zip"}},"environmentVariables":{"GOOGLE_NODE_RUN_SCRIPTS":""}},"serviceConfig":{"environmentVariables":{"FIREBASE_CONFIG":"{\"projectId\":\"naloxonefinder-2067f\",\"storageBucket\":\"naloxonefinder-2067f.firebasestorage.app\"}","GCLOUD_PROJECT":"naloxonefinder-2067f","EVENTARC_CLOUD_EVENT_SOURCE":"projects/naloxonefinder-2067f/locations/us-central1/services/validatePhoto","FUNCTION_SIGNATURE_TYPE":"cloudevent","FUNCTION_TARGET":"validatePhoto"},"ingressSettings":null,"timeoutSeconds":null,"serviceAccountEmail":null,"availableMemory":"256Mi","minInstanceCount":null,"maxInstanceCount":null,"maxInstanceRequestConcurrency":80,"availableCpu":"1","vpcConnector":null,"vpcConnectorEgressSettings":null},"labels":{"deployment-tool":"cli-firebase","firebase-functions-hash":"9741dcacb873e1a93421c5a169ac69949a934a90"},"eventTrigger":{"eventType":"google.cloud.storage.object.v1.finalized","retryPolicy":"RETRY_POLICY_DO_NOT_RETRY","eventFilters":[{"attribute":"bucket","value":"naloxonefinder-2067f.firebasestorage.app"}],"triggerRegion":"us-central1"}}
[debug] [2025-02-23T01:10:39.816Z] <<< [apiv2][status] POST https://cloudfunctions.googleapis.com/v2/projects/naloxonefinder-2067f/locations/us-central1/functions 200
[debug] [2025-02-23T01:10:39.817Z] <<< [apiv2][body] POST https://cloudfunctions.googleapis.com/v2/projects/naloxonefinder-2067f/locations/us-central1/functions {"name":"projects/naloxonefinder-2067f/locations/us-central1/operations/operation-1740273038559-62ec4e4468740-c0bb1a6a-021c9f0d","metadata":{"@type":"type.googleapis.com/google.cloud.functions.v2.OperationMetadata","createTime":"2025-02-23T01:10:39.723766300Z","target":"projects/naloxonefinder-2067f/locations/us-central1/functions/validatePhoto","verb":"create","cancelRequested":false,"apiVersion":"v2"},"done":false}
[debug] [2025-02-23T01:10:39.818Z] Checked if tokens are valid: true, expires at: 1740275506372
[debug] [2025-02-23T01:10:39.818Z] Checked if tokens are valid: true, expires at: 1740275506372
[debug] [2025-02-23T01:10:39.818Z] >>> [apiv2][query] GET https://cloudfunctions.googleapis.com/v2/projects/naloxonefinder-2067f/locations/us-central1/operations/operation-1740273038559-62ec4e4468740-c0bb1a6a-021c9f0d [none]
[debug] [2025-02-23T01:10:40.072Z] <<< [apiv2][status] GET https://cloudfunctions.googleapis.com/v2/projects/naloxonefinder-2067f/locations/us-central1/operations/operation-1740273038559-62ec4e4468740-c0bb1a6a-021c9f0d 200
[debug] [2025-02-23T01:10:40.072Z] <<< [apiv2][body] GET https://cloudfunctions.googleapis.com/v2/projects/naloxonefinder-2067f/locations/us-central1/operations/operation-1740273038559-62ec4e4468740-c0bb1a6a-021c9f0d {"name":"projects/naloxonefinder-2067f/locations/us-central1/operations/operation-1740273038559-62ec4e4468740-c0bb1a6a-021c9f0d","metadata":{"@type":"type.googleapis.com/google.cloud.functions.v2.OperationMetadata","createTime":"2025-02-23T01:10:39.723766300Z","target":"projects/naloxonefinder-2067f/locations/us-central1/functions/validatePhoto","verb":"create","cancelRequested":false,"apiVersion":"v2","requestResource":{"@type":"type.googleapis.com/google.cloud.functions.v2.Function","name":"projects/naloxonefinder-2067f/locations/us-central1/functions/validatePhoto","buildConfig":{"runtime":"nodejs22","entryPoint":"validatePhoto","source":{"storageSource":{"bucket":"gcf-v2-sources-59850262489-us-central1","object":"validatePhoto/function-source.zip","generation":"1740273038803714"}},"environmentVariables":{"GOOGLE_NODE_RUN_SCRIPTS":""},"serviceAccount":"projects/naloxonefinder-2067f/serviceAccounts/59850262489-compute@developer.gserviceaccount.com","automaticUpdatePolicy":{}},"serviceConfig":{"service":"projects/naloxonefinder-2067f/locations/us-central1/services/validatephoto","timeoutSeconds":60,"environmentVariables":{"FIREBASE_CONFIG":"{\"projectId\":\"naloxonefinder-2067f\",\"storageBucket\":\"naloxonefinder-2067f.firebasestorage.app\"}","GCLOUD_PROJECT":"naloxonefinder-2067f","EVENTARC_CLOUD_EVENT_SOURCE":"projects/naloxonefinder-2067f/locations/us-central1/services/validatePhoto","FUNCTION_SIGNATURE_TYPE":"cloudevent","FUNCTION_TARGET":"validatePhoto","LOG_EXECUTION_ID":"true"},"ingressSettings":"ALLOW_ALL","serviceAccountEmail":"59850262489-compute@developer.gserviceaccount.com","availableMemory":"256Mi","maxInstanceRequestConcurrency":80,"availableCpu":"1"},"eventTrigger":{"trigger":"projects/naloxonefinder-2067f/locations/us-central1/triggers/validatephoto-901627","triggerRegion":"us-central1","eventType":"google.cloud.storage.object.v1.finalized","eventFilters":[{"attribute":"bucket","value":"naloxonefinder-2067f.firebasestorage.app"}],"serviceAccountEmail":"59850262489-compute@developer.gserviceaccount.com","retryPolicy":"RETRY_POLICY_DO_NOT_RETRY"},"labels":{"deployment-tool":"cli-firebase","firebase-functions-hash":"9741dcacb873e1a93421c5a169ac69949a934a90"},"environment":"GEN_2"},"stages":[{"name":"BUILD","state":"NOT_STARTED"},{"name":"SERVICE","state":"NOT_STARTED"},{"name":"TRIGGER","state":"NOT_STARTED"}],"operationType":"CREATE_FUNCTION"},"done":false}
[debug] [2025-02-23T01:10:40.585Z] [create-default-us-central1-validatePhoto] Retrying task index 0
[debug] [2025-02-23T01:10:40.586Z] Checked if tokens are valid: true, expires at: 1740275506372
[debug] [2025-02-23T01:10:40.586Z] Checked if tokens are valid: true, expires at: 1740275506372
[debug] [2025-02-23T01:10:40.586Z] >>> [apiv2][query] GET https://cloudfunctions.googleapis.com/v2/projects/naloxonefinder-2067f/locations/us-central1/operations/operation-1740273038559-62ec4e4468740-c0bb1a6a-021c9f0d [none]
[debug] [2025-02-23T01:10:40.831Z] <<< [apiv2][status] GET https://cloudfunctions.googleapis.com/v2/projects/naloxonefinder-2067f/locations/us-central1/operations/operation-1740273038559-62ec4e4468740-c0bb1a6a-021c9f0d 200
[debug] [2025-02-23T01:10:40.831Z] <<< [apiv2][body] GET https://cloudfunctions.googleapis.com/v2/projects/naloxonefinder-2067f/locations/us-central1/operations/operation-1740273038559-62ec4e4468740-c0bb1a6a-021c9f0d {"name":"projects/naloxonefinder-2067f/locations/us-central1/operations/operation-1740273038559-62ec4e4468740-c0bb1a6a-021c9f0d","metadata":{"@type":"type.googleapis.com/google.cloud.functions.v2.OperationMetadata","createTime":"2025-02-23T01:10:39.723766300Z","target":"projects/naloxonefinder-2067f/locations/us-central1/functions/validatePhoto","verb":"create","cancelRequested":false,"apiVersion":"v2","requestResource":{"@type":"type.googleapis.com/google.cloud.functions.v2.Function","name":"projects/naloxonefinder-2067f/locations/us-central1/functions/validatePhoto","buildConfig":{"runtime":"nodejs22","entryPoint":"validatePhoto","source":{"storageSource":{"bucket":"gcf-v2-sources-59850262489-us-central1","object":"validatePhoto/function-source.zip","generation":"1740273038803714"}},"environmentVariables":{"GOOGLE_NODE_RUN_SCRIPTS":""},"serviceAccount":"projects/naloxonefinder-2067f/serviceAccounts/59850262489-compute@developer.gserviceaccount.com","automaticUpdatePolicy":{}},"serviceConfig":{"service":"projects/naloxonefinder-2067f/locations/us-central1/services/validatephoto","timeoutSeconds":60,"environmentVariables":{"FIREBASE_CONFIG":"{\"projectId\":\"naloxonefinder-2067f\",\"storageBucket\":\"naloxonefinder-2067f.firebasestorage.app\"}","GCLOUD_PROJECT":"naloxonefinder-2067f","EVENTARC_CLOUD_EVENT_SOURCE":"projects/naloxonefinder-2067f/locations/us-central1/services/validatePhoto","FUNCTION_SIGNATURE_TYPE":"cloudevent","FUNCTION_TARGET":"validatePhoto","LOG_EXECUTION_ID":"true"},"ingressSettings":"ALLOW_ALL","serviceAccountEmail":"59850262489-compute@developer.gserviceaccount.com","availableMemory":"256Mi","maxInstanceRequestConcurrency":80,"availableCpu":"1"},"eventTrigger":{"trigger":"projects/naloxonefinder-2067f/locations/us-central1/triggers/validatephoto-901627","triggerRegion":"us-central1","eventType":"google.cloud.storage.object.v1.finalized","eventFilters":[{"attribute":"bucket","value":"naloxonefinder-2067f.firebasestorage.app"}],"serviceAccountEmail":"59850262489-compute@developer.gserviceaccount.com","retryPolicy":"RETRY_POLICY_DO_NOT_RETRY"},"labels":{"deployment-tool":"cli-firebase","firebase-functions-hash":"9741dcacb873e1a93421c5a169ac69949a934a90"},"environment":"GEN_2"},"stages":[{"name":"BUILD","state":"NOT_STARTED"},{"name":"SERVICE","state":"NOT_STARTED"},{"name":"TRIGGER","state":"NOT_STARTED"}],"operationType":"CREATE_FUNCTION"},"done":false}
[debug] [2025-02-23T01:10:41.832Z] [create-default-us-central1-validatePhoto] Retrying task index 0
[debug] [2025-02-23T01:10:41.833Z] Checked if tokens are valid: true, expires at: 1740275506372
[debug] [2025-02-23T01:10:41.833Z] Checked if tokens are valid: true, expires at: 1740275506372
[debug] [2025-02-23T01:10:41.833Z] >>> [apiv2][query] GET https://cloudfunctions.googleapis.com/v2/projects/naloxonefinder-2067f/locations/us-central1/operations/operation-1740273038559-62ec4e4468740-c0bb1a6a-021c9f0d [none]
[debug] [2025-02-23T01:10:42.102Z] <<< [apiv2][status] GET https://cloudfunctions.googleapis.com/v2/projects/naloxonefinder-2067f/locations/us-central1/operations/operation-1740273038559-62ec4e4468740-c0bb1a6a-021c9f0d 200
[debug] [2025-02-23T01:10:42.102Z] <<< [apiv2][body] GET https://cloudfunctions.googleapis.com/v2/projects/naloxonefinder-2067f/locations/us-central1/operations/operation-1740273038559-62ec4e4468740-c0bb1a6a-021c9f0d {"name":"projects/naloxonefinder-2067f/locations/us-central1/operations/operation-1740273038559-62ec4e4468740-c0bb1a6a-021c9f0d","metadata":{"@type":"type.googleapis.com/google.cloud.functions.v2.OperationMetadata","createTime":"2025-02-23T01:10:39.723766300Z","target":"projects/naloxonefinder-2067f/locations/us-central1/functions/validatePhoto","verb":"create","cancelRequested":false,"apiVersion":"v2","requestResource":{"@type":"type.googleapis.com/google.cloud.functions.v2.Function","name":"projects/naloxonefinder-2067f/locations/us-central1/functions/validatePhoto","buildConfig":{"runtime":"nodejs22","entryPoint":"validatePhoto","source":{"storageSource":{"bucket":"gcf-v2-sources-59850262489-us-central1","object":"validatePhoto/function-source.zip","generation":"1740273038803714"}},"environmentVariables":{"GOOGLE_NODE_RUN_SCRIPTS":""},"serviceAccount":"projects/naloxonefinder-2067f/serviceAccounts/59850262489-compute@developer.gserviceaccount.com","automaticUpdatePolicy":{}},"serviceConfig":{"service":"projects/naloxonefinder-2067f/locations/us-central1/services/validatephoto","timeoutSeconds":60,"environmentVariables":{"FIREBASE_CONFIG":"{\"projectId\":\"naloxonefinder-2067f\",\"storageBucket\":\"naloxonefinder-2067f.firebasestorage.app\"}","GCLOUD_PROJECT":"naloxonefinder-2067f","EVENTARC_CLOUD_EVENT_SOURCE":"projects/naloxonefinder-2067f/locations/us-central1/services/validatePhoto","FUNCTION_SIGNATURE_TYPE":"cloudevent","FUNCTION_TARGET":"validatePhoto","LOG_EXECUTION_ID":"true"},"ingressSettings":"ALLOW_ALL","serviceAccountEmail":"59850262489-compute@developer.gserviceaccount.com","availableMemory":"256Mi","maxInstanceRequestConcurrency":80,"availableCpu":"1"},"eventTrigger":{"trigger":"projects/naloxonefinder-2067f/locations/us-central1/triggers/validatephoto-901627","triggerRegion":"us-central1","eventType":"google.cloud.storage.object.v1.finalized","eventFilters":[{"attribute":"bucket","value":"naloxonefinder-2067f.firebasestorage.app"}],"serviceAccountEmail":"59850262489-compute@developer.gserviceaccount.com","retryPolicy":"RETRY_POLICY_DO_NOT_RETRY"},"labels":{"deployment-tool":"cli-firebase","firebase-functions-hash":"9741dcacb873e1a93421c5a169ac69949a934a90"},"environment":"GEN_2"},"stages":[{"name":"BUILD","state":"NOT_STARTED"},{"name":"SERVICE","state":"NOT_STARTED"},{"name":"TRIGGER","state":"NOT_STARTED"}],"operationType":"CREATE_FUNCTION"},"done":false}
[debug] [2025-02-23T01:10:44.115Z] [create-default-us-central1-validatePhoto] Retrying task index 0
[debug] [2025-02-23T01:10:44.116Z] Checked if tokens are valid: true, expires at: 1740275506372
[debug] [2025-02-23T01:10:44.117Z] Checked if tokens are valid: true, expires at: 1740275506372
[debug] [2025-02-23T01:10:44.117Z] >>> [apiv2][query] GET https://cloudfunctions.googleapis.com/v2/projects/naloxonefinder-2067f/locations/us-central1/operations/operation-1740273038559-62ec4e4468740-c0bb1a6a-021c9f0d [none]
[debug] [2025-02-23T01:10:44.386Z] <<< [apiv2][status] GET https://cloudfunctions.googleapis.com/v2/projects/naloxonefinder-2067f/locations/us-central1/operations/operation-1740273038559-62ec4e4468740-c0bb1a6a-021c9f0d 200
[debug] [2025-02-23T01:10:44.386Z] <<< [apiv2][body] GET https://cloudfunctions.googleapis.com/v2/projects/naloxonefinder-2067f/locations/us-central1/operations/operation-1740273038559-62ec4e4468740-c0bb1a6a-021c9f0d {"name":"projects/naloxonefinder-2067f/locations/us-central1/operations/operation-1740273038559-62ec4e4468740-c0bb1a6a-021c9f0d","metadata":{"@type":"type.googleapis.com/google.cloud.functions.v2.OperationMetadata","createTime":"2025-02-23T01:10:39.723766300Z","target":"projects/naloxonefinder-2067f/locations/us-central1/functions/validatePhoto","verb":"create","cancelRequested":false,"apiVersion":"v2","requestResource":{"@type":"type.googleapis.com/google.cloud.functions.v2.Function","name":"projects/naloxonefinder-2067f/locations/us-central1/functions/validatePhoto","buildConfig":{"runtime":"nodejs22","entryPoint":"validatePhoto","source":{"storageSource":{"bucket":"gcf-v2-sources-59850262489-us-central1","object":"validatePhoto/function-source.zip","generation":"1740273038803714"}},"environmentVariables":{"GOOGLE_NODE_RUN_SCRIPTS":""},"serviceAccount":"projects/naloxonefinder-2067f/serviceAccounts/59850262489-compute@developer.gserviceaccount.com","automaticUpdatePolicy":{}},"serviceConfig":{"service":"projects/naloxonefinder-2067f/locations/us-central1/services/validatephoto","timeoutSeconds":60,"environmentVariables":{"FIREBASE_CONFIG":"{\"projectId\":\"naloxonefinder-2067f\",\"storageBucket\":\"naloxonefinder-2067f.firebasestorage.app\"}","GCLOUD_PROJECT":"naloxonefinder-2067f","EVENTARC_CLOUD_EVENT_SOURCE":"projects/naloxonefinder-2067f/locations/us-central1/services/validatePhoto","FUNCTION_SIGNATURE_TYPE":"cloudevent","FUNCTION_TARGET":"validatePhoto","LOG_EXECUTION_ID":"true"},"ingressSettings":"ALLOW_ALL","serviceAccountEmail":"59850262489-compute@developer.gserviceaccount.com","availableMemory":"256Mi","maxInstanceRequestConcurrency":80,"availableCpu":"1"},"eventTrigger":{"trigger":"projects/naloxonefinder-2067f/locations/us-central1/triggers/validatephoto-901627","triggerRegion":"us-central1","eventType":"google.cloud.storage.object.v1.finalized","eventFilters":[{"attribute":"bucket","value":"naloxonefinder-2067f.firebasestorage.app"}],"serviceAccountEmail":"59850262489-compute@developer.gserviceaccount.com","retryPolicy":"RETRY_POLICY_DO_NOT_RETRY"},"labels":{"deployment-tool":"cli-firebase","firebase-functions-hash":"9741dcacb873e1a93421c5a169ac69949a934a90"},"environment":"GEN_2"},"stages":[{"name":"BUILD","state":"NOT_STARTED"},{"name":"SERVICE","state":"NOT_STARTED"},{"name":"TRIGGER","state":"NOT_STARTED"}],"operationType":"CREATE_FUNCTION"},"done":false}
[debug] [2025-02-23T01:10:48.395Z] [create-default-us-central1-validatePhoto] Retrying task index 0
[debug] [2025-02-23T01:10:48.395Z] Checked if tokens are valid: true, expires at: 1740275506372
[debug] [2025-02-23T01:10:48.396Z] Checked if tokens are valid: true, expires at: 1740275506372
[debug] [2025-02-23T01:10:48.396Z] >>> [apiv2][query] GET https://cloudfunctions.googleapis.com/v2/projects/naloxonefinder-2067f/locations/us-central1/operations/operation-1740273038559-62ec4e4468740-c0bb1a6a-021c9f0d [none]
[debug] [2025-02-23T01:10:48.643Z] <<< [apiv2][status] GET https://cloudfunctions.googleapis.com/v2/projects/naloxonefinder-2067f/locations/us-central1/operations/operation-1740273038559-62ec4e4468740-c0bb1a6a-021c9f0d 200
[debug] [2025-02-23T01:10:48.643Z] <<< [apiv2][body] GET https://cloudfunctions.googleapis.com/v2/projects/naloxonefinder-2067f/locations/us-central1/operations/operation-1740273038559-62ec4e4468740-c0bb1a6a-021c9f0d {"name":"projects/naloxonefinder-2067f/locations/us-central1/operations/operation-1740273038559-62ec4e4468740-c0bb1a6a-021c9f0d","metadata":{"@type":"type.googleapis.com/google.cloud.functions.v2.OperationMetadata","createTime":"2025-02-23T01:10:39.723766300Z","target":"projects/naloxonefinder-2067f/locations/us-central1/functions/validatePhoto","verb":"create","cancelRequested":false,"apiVersion":"v2","requestResource":{"@type":"type.googleapis.com/google.cloud.functions.v2.Function","name":"projects/naloxonefinder-2067f/locations/us-central1/functions/validatePhoto","buildConfig":{"runtime":"nodejs22","entryPoint":"validatePhoto","source":{"storageSource":{"bucket":"gcf-v2-sources-59850262489-us-central1","object":"validatePhoto/function-source.zip","generation":"1740273038803714"}},"environmentVariables":{"GOOGLE_NODE_RUN_SCRIPTS":""},"serviceAccount":"projects/naloxonefinder-2067f/serviceAccounts/59850262489-compute@developer.gserviceaccount.com","automaticUpdatePolicy":{}},"serviceConfig":{"service":"projects/naloxonefinder-2067f/locations/us-central1/services/validatephoto","timeoutSeconds":60,"environmentVariables":{"FIREBASE_CONFIG":"{\"projectId\":\"naloxonefinder-2067f\",\"storageBucket\":\"naloxonefinder-2067f.firebasestorage.app\"}","GCLOUD_PROJECT":"naloxonefinder-2067f","EVENTARC_CLOUD_EVENT_SOURCE":"projects/naloxonefinder-2067f/locations/us-central1/services/validatePhoto","FUNCTION_SIGNATURE_TYPE":"cloudevent","FUNCTION_TARGET":"validatePhoto","LOG_EXECUTION_ID":"true"},"ingressSettings":"ALLOW_ALL","serviceAccountEmail":"59850262489-compute@developer.gserviceaccount.com","availableMemory":"256Mi","maxInstanceRequestConcurrency":80,"availableCpu":"1"},"eventTrigger":{"trigger":"projects/naloxonefinder-2067f/locations/us-central1/triggers/validatephoto-901627","triggerRegion":"us-central1","eventType":"google.cloud.storage.object.v1.finalized","eventFilters":[{"attribute":"bucket","value":"naloxonefinder-2067f.firebasestorage.app"}],"serviceAccountEmail":"59850262489-compute@developer.gserviceaccount.com","retryPolicy":"RETRY_POLICY_DO_NOT_RETRY"},"labels":{"deployment-tool":"cli-firebase","firebase-functions-hash":"9741dcacb873e1a93421c5a169ac69949a934a90"},"environment":"GEN_2"},"stages":[{"name":"BUILD","state":"NOT_STARTED"},{"name":"SERVICE","state":"NOT_STARTED"},{"name":"TRIGGER","state":"NOT_STARTED"}],"operationType":"CREATE_FUNCTION"},"done":false}
[debug] [2025-02-23T01:10:56.651Z] [create-default-us-central1-validatePhoto] Retrying task index 0
[debug] [2025-02-23T01:10:56.651Z] Checked if tokens are valid: true, expires at: 1740275506372
[debug] [2025-02-23T01:10:56.651Z] Checked if tokens are valid: true, expires at: 1740275506372
[debug] [2025-02-23T01:10:56.652Z] >>> [apiv2][query] GET https://cloudfunctions.googleapis.com/v2/projects/naloxonefinder-2067f/locations/us-central1/operations/operation-1740273038559-62ec4e4468740-c0bb1a6a-021c9f0d [none]
[debug] [2025-02-23T01:10:56.925Z] <<< [apiv2][status] GET https://cloudfunctions.googleapis.com/v2/projects/naloxonefinder-2067f/locations/us-central1/operations/operation-1740273038559-62ec4e4468740-c0bb1a6a-021c9f0d 200
[debug] [2025-02-23T01:10:56.926Z] <<< [apiv2][body] GET https://cloudfunctions.googleapis.com/v2/projects/naloxonefinder-2067f/locations/us-central1/operations/operation-1740273038559-62ec4e4468740-c0bb1a6a-021c9f0d {"name":"projects/naloxonefinder-2067f/locations/us-central1/operations/operation-1740273038559-62ec4e4468740-c0bb1a6a-021c9f0d","metadata":{"@type":"type.googleapis.com/google.cloud.functions.v2.OperationMetadata","createTime":"2025-02-23T01:10:39.723766300Z","target":"projects/naloxonefinder-2067f/locations/us-central1/functions/validatePhoto","verb":"create","cancelRequested":false,"apiVersion":"v2","requestResource":{"@type":"type.googleapis.com/google.cloud.functions.v2.Function","name":"projects/naloxonefinder-2067f/locations/us-central1/functions/validatePhoto","buildConfig":{"runtime":"nodejs22","entryPoint":"validatePhoto","source":{"storageSource":{"bucket":"gcf-v2-sources-59850262489-us-central1","object":"validatePhoto/function-source.zip","generation":"1740273038803714"}},"environmentVariables":{"GOOGLE_NODE_RUN_SCRIPTS":""},"serviceAccount":"projects/naloxonefinder-2067f/serviceAccounts/59850262489-compute@developer.gserviceaccount.com","automaticUpdatePolicy":{}},"serviceConfig":{"service":"projects/naloxonefinder-2067f/locations/us-central1/services/validatephoto","timeoutSeconds":60,"environmentVariables":{"FIREBASE_CONFIG":"{\"projectId\":\"naloxonefinder-2067f\",\"storageBucket\":\"naloxonefinder-2067f.firebasestorage.app\"}","GCLOUD_PROJECT":"naloxonefinder-2067f","EVENTARC_CLOUD_EVENT_SOURCE":"projects/naloxonefinder-2067f/locations/us-central1/services/validatePhoto","FUNCTION_SIGNATURE_TYPE":"cloudevent","FUNCTION_TARGET":"validatePhoto","LOG_EXECUTION_ID":"true"},"ingressSettings":"ALLOW_ALL","serviceAccountEmail":"59850262489-compute@developer.gserviceaccount.com","availableMemory":"256Mi","maxInstanceRequestConcurrency":80,"availableCpu":"1"},"eventTrigger":{"trigger":"projects/naloxonefinder-2067f/locations/us-central1/triggers/validatephoto-901627","triggerRegion":"us-central1","eventType":"google.cloud.storage.object.v1.finalized","eventFilters":[{"attribute":"bucket","value":"naloxonefinder-2067f.firebasestorage.app"}],"serviceAccountEmail":"59850262489-compute@developer.gserviceaccount.com","retryPolicy":"RETRY_POLICY_DO_NOT_RETRY"},"labels":{"deployment-tool":"cli-firebase","firebase-functions-hash":"9741dcacb873e1a93421c5a169ac69949a934a90"},"environment":"GEN_2"},"stages":[{"name":"BUILD","message":"Build in progress","state":"IN_PROGRESS","resource":"projects/59850262489/locations/us-central1/builds/731e3283-f72c-41b3-978b-8bfe67b3e998","resourceUri":"https://console.cloud.google.com/cloud-build/builds;region=us-central1/731e3283-f72c-41b3-978b-8bfe67b3e998?project=59850262489"},{"name":"SERVICE","state":"NOT_STARTED"},{"name":"TRIGGER","state":"NOT_STARTED"}],"operationType":"CREATE_FUNCTION","buildName":"projects/59850262489/locations/us-central1/builds/731e3283-f72c-41b3-978b-8bfe67b3e998"},"done":false}
[debug] [2025-02-23T01:11:06.933Z] [create-default-us-central1-validatePhoto] Retrying task index 0
[debug] [2025-02-23T01:11:06.934Z] Checked if tokens are valid: true, expires at: 1740275506372
[debug] [2025-02-23T01:11:06.934Z] Checked if tokens are valid: true, expires at: 1740275506372
[debug] [2025-02-23T01:11:06.934Z] >>> [apiv2][query] GET https://cloudfunctions.googleapis.com/v2/projects/naloxonefinder-2067f/locations/us-central1/operations/operation-1740273038559-62ec4e4468740-c0bb1a6a-021c9f0d [none]
[debug] [2025-02-23T01:11:07.196Z] <<< [apiv2][status] GET https://cloudfunctions.googleapis.com/v2/projects/naloxonefinder-2067f/locations/us-central1/operations/operation-1740273038559-62ec4e4468740-c0bb1a6a-021c9f0d 200
[debug] [2025-02-23T01:11:07.196Z] <<< [apiv2][body] GET https://cloudfunctions.googleapis.com/v2/projects/naloxonefinder-2067f/locations/us-central1/operations/operation-1740273038559-62ec4e4468740-c0bb1a6a-021c9f0d {"name":"projects/naloxonefinder-2067f/locations/us-central1/operations/operation-1740273038559-62ec4e4468740-c0bb1a6a-021c9f0d","metadata":{"@type":"type.googleapis.com/google.cloud.functions.v2.OperationMetadata","createTime":"2025-02-23T01:10:39.723766300Z","target":"projects/naloxonefinder-2067f/locations/us-central1/functions/validatePhoto","verb":"create","cancelRequested":false,"apiVersion":"v2","requestResource":{"@type":"type.googleapis.com/google.cloud.functions.v2.Function","name":"projects/naloxonefinder-2067f/locations/us-central1/functions/validatePhoto","buildConfig":{"runtime":"nodejs22","entryPoint":"validatePhoto","source":{"storageSource":{"bucket":"gcf-v2-sources-59850262489-us-central1","object":"validatePhoto/function-source.zip","generation":"1740273038803714"}},"environmentVariables":{"GOOGLE_NODE_RUN_SCRIPTS":""},"serviceAccount":"projects/naloxonefinder-2067f/serviceAccounts/59850262489-compute@developer.gserviceaccount.com","automaticUpdatePolicy":{}},"serviceConfig":{"service":"projects/naloxonefinder-2067f/locations/us-central1/services/validatephoto","timeoutSeconds":60,"environmentVariables":{"FIREBASE_CONFIG":"{\"projectId\":\"naloxonefinder-2067f\",\"storageBucket\":\"naloxonefinder-2067f.firebasestorage.app\"}","GCLOUD_PROJECT":"naloxonefinder-2067f","EVENTARC_CLOUD_EVENT_SOURCE":"projects/naloxonefinder-2067f/locations/us-central1/services/validatePhoto","FUNCTION_SIGNATURE_TYPE":"cloudevent","FUNCTION_TARGET":"validatePhoto","LOG_EXECUTION_ID":"true"},"ingressSettings":"ALLOW_ALL","serviceAccountEmail":"59850262489-compute@developer.gserviceaccount.com","availableMemory":"256Mi","maxInstanceRequestConcurrency":80,"availableCpu":"1"},"eventTrigger":{"trigger":"projects/naloxonefinder-2067f/locations/us-central1/triggers/validatephoto-901627","triggerRegion":"us-central1","eventType":"google.cloud.storage.object.v1.finalized","eventFilters":[{"attribute":"bucket","value":"naloxonefinder-2067f.firebasestorage.app"}],"serviceAccountEmail":"59850262489-compute@developer.gserviceaccount.com","retryPolicy":"RETRY_POLICY_DO_NOT_RETRY"},"labels":{"deployment-tool":"cli-firebase","firebase-functions-hash":"9741dcacb873e1a93421c5a169ac69949a934a90"},"environment":"GEN_2"},"stages":[{"name":"BUILD","message":"Build in progress","state":"IN_PROGRESS","resource":"projects/59850262489/locations/us-central1/builds/731e3283-f72c-41b3-978b-8bfe67b3e998","resourceUri":"https://console.cloud.google.com/cloud-build/builds;region=us-central1/731e3283-f72c-41b3-978b-8bfe67b3e998?project=59850262489"},{"name":"SERVICE","state":"NOT_STARTED"},{"name":"TRIGGER","state":"NOT_STARTED"}],"operationType":"CREATE_FUNCTION","buildName":"projects/59850262489/locations/us-central1/builds/731e3283-f72c-41b3-978b-8bfe67b3e998"},"done":false}
[debug] [2025-02-23T01:11:17.205Z] [create-default-us-central1-validatePhoto] Retrying task index 0
[debug] [2025-02-23T01:11:17.206Z] Checked if tokens are valid: true, expires at: 1740275506372
[debug] [2025-02-23T01:11:17.206Z] Checked if tokens are valid: true, expires at: 1740275506372
[debug] [2025-02-23T01:11:17.206Z] >>> [apiv2][query] GET https://cloudfunctions.googleapis.com/v2/projects/naloxonefinder-2067f/locations/us-central1/operations/operation-1740273038559-62ec4e4468740-c0bb1a6a-021c9f0d [none]
[debug] [2025-02-23T01:11:17.451Z] <<< [apiv2][status] GET https://cloudfunctions.googleapis.com/v2/projects/naloxonefinder-2067f/locations/us-central1/operations/operation-1740273038559-62ec4e4468740-c0bb1a6a-021c9f0d 200
[debug] [2025-02-23T01:11:17.451Z] <<< [apiv2][body] GET https://cloudfunctions.googleapis.com/v2/projects/naloxonefinder-2067f/locations/us-central1/operations/operation-1740273038559-62ec4e4468740-c0bb1a6a-021c9f0d {"name":"projects/naloxonefinder-2067f/locations/us-central1/operations/operation-1740273038559-62ec4e4468740-c0bb1a6a-021c9f0d","metadata":{"@type":"type.googleapis.com/google.cloud.functions.v2.OperationMetadata","createTime":"2025-02-23T01:10:39.723766300Z","target":"projects/naloxonefinder-2067f/locations/us-central1/functions/validatePhoto","verb":"create","cancelRequested":false,"apiVersion":"v2","requestResource":{"@type":"type.googleapis.com/google.cloud.functions.v2.Function","name":"projects/naloxonefinder-2067f/locations/us-central1/functions/validatePhoto","buildConfig":{"runtime":"nodejs22","entryPoint":"validatePhoto","source":{"storageSource":{"bucket":"gcf-v2-sources-59850262489-us-central1","object":"validatePhoto/function-source.zip","generation":"1740273038803714"}},"environmentVariables":{"GOOGLE_NODE_RUN_SCRIPTS":""},"serviceAccount":"projects/naloxonefinder-2067f/serviceAccounts/59850262489-compute@developer.gserviceaccount.com","automaticUpdatePolicy":{}},"serviceConfig":{"service":"projects/naloxonefinder-2067f/locations/us-central1/services/validatephoto","timeoutSeconds":60,"environmentVariables":{"FIREBASE_CONFIG":"{\"projectId\":\"naloxonefinder-2067f\",\"storageBucket\":\"naloxonefinder-2067f.firebasestorage.app\"}","GCLOUD_PROJECT":"naloxonefinder-2067f","EVENTARC_CLOUD_EVENT_SOURCE":"projects/naloxonefinder-2067f/locations/us-central1/services/validatePhoto","FUNCTION_SIGNATURE_TYPE":"cloudevent","FUNCTION_TARGET":"validatePhoto","LOG_EXECUTION_ID":"true"},"ingressSettings":"ALLOW_ALL","serviceAccountEmail":"59850262489-compute@developer.gserviceaccount.com","availableMemory":"256Mi","maxInstanceRequestConcurrency":80,"availableCpu":"1"},"eventTrigger":{"trigger":"projects/naloxonefinder-2067f/locations/us-central1/triggers/validatephoto-901627","triggerRegion":"us-central1","eventType":"google.cloud.storage.object.v1.finalized","eventFilters":[{"attribute":"bucket","value":"naloxonefinder-2067f.firebasestorage.app"}],"serviceAccountEmail":"59850262489-compute@developer.gserviceaccount.com","retryPolicy":"RETRY_POLICY_DO_NOT_RETRY"},"labels":{"deployment-tool":"cli-firebase","firebase-functions-hash":"9741dcacb873e1a93421c5a169ac69949a934a90"},"environment":"GEN_2"},"stages":[{"name":"BUILD","message":"Build in progress","state":"IN_PROGRESS","resource":"projects/59850262489/locations/us-central1/builds/731e3283-f72c-41b3-978b-8bfe67b3e998","resourceUri":"https://console.cloud.google.com/cloud-build/builds;region=us-central1/731e3283-f72c-41b3-978b-8bfe67b3e998?project=59850262489"},{"name":"SERVICE","state":"NOT_STARTED"},{"name":"TRIGGER","state":"NOT_STARTED"}],"operationType":"CREATE_FUNCTION","buildName":"projects/59850262489/locations/us-central1/builds/731e3283-f72c-41b3-978b-8bfe67b3e998"},"done":false}
[debug] [2025-02-23T01:11:27.464Z] [create-default-us-central1-validatePhoto] Retrying task index 0
[debug] [2025-02-23T01:11:27.466Z] Checked if tokens are valid: true, expires at: 1740275506372
[debug] [2025-02-23T01:11:27.467Z] Checked if tokens are valid: true, expires at: 1740275506372
[debug] [2025-02-23T01:11:27.467Z] >>> [apiv2][query] GET https://cloudfunctions.googleapis.com/v2/projects/naloxonefinder-2067f/locations/us-central1/operations/operation-1740273038559-62ec4e4468740-c0bb1a6a-021c9f0d [none]
[debug] [2025-02-23T01:11:27.726Z] <<< [apiv2][status] GET https://cloudfunctions.googleapis.com/v2/projects/naloxonefinder-2067f/locations/us-central1/operations/operation-1740273038559-62ec4e4468740-c0bb1a6a-021c9f0d 200
[debug] [2025-02-23T01:11:27.726Z] <<< [apiv2][body] GET https://cloudfunctions.googleapis.com/v2/projects/naloxonefinder-2067f/locations/us-central1/operations/operation-1740273038559-62ec4e4468740-c0bb1a6a-021c9f0d {"name":"projects/naloxonefinder-2067f/locations/us-central1/operations/operation-1740273038559-62ec4e4468740-c0bb1a6a-021c9f0d","metadata":{"@type":"type.googleapis.com/google.cloud.functions.v2.OperationMetadata","createTime":"2025-02-23T01:10:39.723766300Z","target":"projects/naloxonefinder-2067f/locations/us-central1/functions/validatePhoto","verb":"create","cancelRequested":false,"apiVersion":"v2","requestResource":{"@type":"type.googleapis.com/google.cloud.functions.v2.Function","name":"projects/naloxonefinder-2067f/locations/us-central1/functions/validatePhoto","buildConfig":{"runtime":"nodejs22","entryPoint":"validatePhoto","source":{"storageSource":{"bucket":"gcf-v2-sources-59850262489-us-central1","object":"validatePhoto/function-source.zip","generation":"1740273038803714"}},"environmentVariables":{"GOOGLE_NODE_RUN_SCRIPTS":""},"serviceAccount":"projects/naloxonefinder-2067f/serviceAccounts/59850262489-compute@developer.gserviceaccount.com","automaticUpdatePolicy":{}},"serviceConfig":{"service":"projects/naloxonefinder-2067f/locations/us-central1/services/validatephoto","timeoutSeconds":60,"environmentVariables":{"FIREBASE_CONFIG":"{\"projectId\":\"naloxonefinder-2067f\",\"storageBucket\":\"naloxonefinder-2067f.firebasestorage.app\"}","GCLOUD_PROJECT":"naloxonefinder-2067f","EVENTARC_CLOUD_EVENT_SOURCE":"projects/naloxonefinder-2067f/locations/us-central1/services/validatePhoto","FUNCTION_SIGNATURE_TYPE":"cloudevent","FUNCTION_TARGET":"validatePhoto","LOG_EXECUTION_ID":"true"},"ingressSettings":"ALLOW_ALL","serviceAccountEmail":"59850262489-compute@developer.gserviceaccount.com","availableMemory":"256Mi","maxInstanceRequestConcurrency":80,"availableCpu":"1"},"eventTrigger":{"trigger":"projects/naloxonefinder-2067f/locations/us-central1/triggers/validatephoto-901627","triggerRegion":"us-central1","eventType":"google.cloud.storage.object.v1.finalized","eventFilters":[{"attribute":"bucket","value":"naloxonefinder-2067f.firebasestorage.app"}],"serviceAccountEmail":"59850262489-compute@developer.gserviceaccount.com","retryPolicy":"RETRY_POLICY_DO_NOT_RETRY"},"labels":{"deployment-tool":"cli-firebase","firebase-functions-hash":"9741dcacb873e1a93421c5a169ac69949a934a90"},"environment":"GEN_2"},"stages":[{"name":"BUILD","message":"Build in progress","state":"IN_PROGRESS","resource":"projects/59850262489/locations/us-central1/builds/731e3283-f72c-41b3-978b-8bfe67b3e998","resourceUri":"https://console.cloud.google.com/cloud-build/builds;region=us-central1/731e3283-f72c-41b3-978b-8bfe67b3e998?project=59850262489"},{"name":"SERVICE","state":"NOT_STARTED"},{"name":"TRIGGER","state":"NOT_STARTED"}],"operationType":"CREATE_FUNCTION","buildName":"projects/59850262489/locations/us-central1/builds/731e3283-f72c-41b3-978b-8bfe67b3e998"},"done":false}
[debug] [2025-02-23T01:11:37.743Z] [create-default-us-central1-validatePhoto] Retrying task index 0
[debug] [2025-02-23T01:11:37.743Z] Checked if tokens are valid: true, expires at: 1740275506372
[debug] [2025-02-23T01:11:37.743Z] Checked if tokens are valid: true, expires at: 1740275506372
[debug] [2025-02-23T01:11:37.743Z] >>> [apiv2][query] GET https://cloudfunctions.googleapis.com/v2/projects/naloxonefinder-2067f/locations/us-central1/operations/operation-1740273038559-62ec4e4468740-c0bb1a6a-021c9f0d [none]
[debug] [2025-02-23T01:11:38.129Z] <<< [apiv2][status] GET https://cloudfunctions.googleapis.com/v2/projects/naloxonefinder-2067f/locations/us-central1/operations/operation-1740273038559-62ec4e4468740-c0bb1a6a-021c9f0d 200
[debug] [2025-02-23T01:11:38.129Z] <<< [apiv2][body] GET https://cloudfunctions.googleapis.com/v2/projects/naloxonefinder-2067f/locations/us-central1/operations/operation-1740273038559-62ec4e4468740-c0bb1a6a-021c9f0d {"name":"projects/naloxonefinder-2067f/locations/us-central1/operations/operation-1740273038559-62ec4e4468740-c0bb1a6a-021c9f0d","metadata":{"@type":"type.googleapis.com/google.cloud.functions.v2.OperationMetadata","createTime":"2025-02-23T01:10:39.723766300Z","target":"projects/naloxonefinder-2067f/locations/us-central1/functions/validatePhoto","verb":"create","cancelRequested":false,"apiVersion":"v2","requestResource":{"@type":"type.googleapis.com/google.cloud.functions.v2.Function","name":"projects/naloxonefinder-2067f/locations/us-central1/functions/validatePhoto","buildConfig":{"runtime":"nodejs22","entryPoint":"validatePhoto","source":{"storageSource":{"bucket":"gcf-v2-sources-59850262489-us-central1","object":"validatePhoto/function-source.zip","generation":"1740273038803714"}},"environmentVariables":{"GOOGLE_NODE_RUN_SCRIPTS":""},"serviceAccount":"projects/naloxonefinder-2067f/serviceAccounts/59850262489-compute@developer.gserviceaccount.com","automaticUpdatePolicy":{}},"serviceConfig":{"service":"projects/naloxonefinder-2067f/locations/us-central1/services/validatephoto","timeoutSeconds":60,"environmentVariables":{"FIREBASE_CONFIG":"{\"projectId\":\"naloxonefinder-2067f\",\"storageBucket\":\"naloxonefinder-2067f.firebasestorage.app\"}","GCLOUD_PROJECT":"naloxonefinder-2067f","EVENTARC_CLOUD_EVENT_SOURCE":"projects/naloxonefinder-2067f/locations/us-central1/services/validatePhoto","FUNCTION_SIGNATURE_TYPE":"cloudevent","FUNCTION_TARGET":"validatePhoto","LOG_EXECUTION_ID":"true"},"ingressSettings":"ALLOW_ALL","serviceAccountEmail":"59850262489-compute@developer.gserviceaccount.com","availableMemory":"256Mi","maxInstanceRequestConcurrency":80,"availableCpu":"1"},"eventTrigger":{"trigger":"projects/naloxonefinder-2067f/locations/us-central1/triggers/validatephoto-901627","triggerRegion":"us-central1","eventType":"google.cloud.storage.object.v1.finalized","eventFilters":[{"attribute":"bucket","value":"naloxonefinder-2067f.firebasestorage.app"}],"serviceAccountEmail":"59850262489-compute@developer.gserviceaccount.com","retryPolicy":"RETRY_POLICY_DO_NOT_RETRY"},"labels":{"deployment-tool":"cli-firebase","firebase-functions-hash":"9741dcacb873e1a93421c5a169ac69949a934a90"},"environment":"GEN_2"},"stages":[{"name":"BUILD","message":"Build in progress","state":"IN_PROGRESS","resource":"projects/59850262489/locations/us-central1/builds/731e3283-f72c-41b3-978b-8bfe67b3e998","resourceUri":"https://console.cloud.google.com/cloud-build/builds;region=us-central1/731e3283-f72c-41b3-978b-8bfe67b3e998?project=59850262489"},{"name":"SERVICE","state":"NOT_STARTED"},{"name":"TRIGGER","state":"NOT_STARTED"}],"operationType":"CREATE_FUNCTION","buildName":"projects/59850262489/locations/us-central1/builds/731e3283-f72c-41b3-978b-8bfe67b3e998"},"done":false}
[debug] [2025-02-23T01:11:48.143Z] [create-default-us-central1-validatePhoto] Retrying task index 0
[debug] [2025-02-23T01:11:48.145Z] Checked if tokens are valid: true, expires at: 1740275506372
[debug] [2025-02-23T01:11:48.145Z] Checked if tokens are valid: true, expires at: 1740275506372
[debug] [2025-02-23T01:11:48.145Z] >>> [apiv2][query] GET https://cloudfunctions.googleapis.com/v2/projects/naloxonefinder-2067f/locations/us-central1/operations/operation-1740273038559-62ec4e4468740-c0bb1a6a-021c9f0d [none]
[debug] [2025-02-23T01:11:48.915Z] <<< [apiv2][status] GET https://cloudfunctions.googleapis.com/v2/projects/naloxonefinder-2067f/locations/us-central1/operations/operation-1740273038559-62ec4e4468740-c0bb1a6a-021c9f0d 200
[debug] [2025-02-23T01:11:48.916Z] <<< [apiv2][body] GET https://cloudfunctions.googleapis.com/v2/projects/naloxonefinder-2067f/locations/us-central1/operations/operation-1740273038559-62ec4e4468740-c0bb1a6a-021c9f0d {"name":"projects/naloxonefinder-2067f/locations/us-central1/operations/operation-1740273038559-62ec4e4468740-c0bb1a6a-021c9f0d","metadata":{"@type":"type.googleapis.com/google.cloud.functions.v2.OperationMetadata","createTime":"2025-02-23T01:10:39.723766300Z","target":"projects/naloxonefinder-2067f/locations/us-central1/functions/validatePhoto","verb":"create","cancelRequested":false,"apiVersion":"v2","requestResource":{"@type":"type.googleapis.com/google.cloud.functions.v2.Function","name":"projects/naloxonefinder-2067f/locations/us-central1/functions/validatePhoto","buildConfig":{"runtime":"nodejs22","entryPoint":"validatePhoto","source":{"storageSource":{"bucket":"gcf-v2-sources-59850262489-us-central1","object":"validatePhoto/function-source.zip","generation":"1740273038803714"}},"environmentVariables":{"GOOGLE_NODE_RUN_SCRIPTS":""},"serviceAccount":"projects/naloxonefinder-2067f/serviceAccounts/59850262489-compute@developer.gserviceaccount.com","automaticUpdatePolicy":{}},"serviceConfig":{"service":"projects/naloxonefinder-2067f/locations/us-central1/services/validatephoto","timeoutSeconds":60,"environmentVariables":{"FIREBASE_CONFIG":"{\"projectId\":\"naloxonefinder-2067f\",\"storageBucket\":\"naloxonefinder-2067f.firebasestorage.app\"}","GCLOUD_PROJECT":"naloxonefinder-2067f","EVENTARC_CLOUD_EVENT_SOURCE":"projects/naloxonefinder-2067f/locations/us-central1/services/validatePhoto","FUNCTION_SIGNATURE_TYPE":"cloudevent","FUNCTION_TARGET":"validatePhoto","LOG_EXECUTION_ID":"true"},"ingressSettings":"ALLOW_ALL","serviceAccountEmail":"59850262489-compute@developer.gserviceaccount.com","availableMemory":"256Mi","maxInstanceRequestConcurrency":80,"availableCpu":"1"},"eventTrigger":{"trigger":"projects/naloxonefinder-2067f/locations/us-central1/triggers/validatephoto-901627","triggerRegion":"us-central1","eventType":"google.cloud.storage.object.v1.finalized","eventFilters":[{"attribute":"bucket","value":"naloxonefinder-2067f.firebasestorage.app"}],"serviceAccountEmail":"59850262489-compute@developer.gserviceaccount.com","retryPolicy":"RETRY_POLICY_DO_NOT_RETRY"},"labels":{"deployment-tool":"cli-firebase","firebase-functions-hash":"9741dcacb873e1a93421c5a169ac69949a934a90"},"environment":"GEN_2"},"stages":[{"name":"BUILD","message":"Build in progress","state":"IN_PROGRESS","resource":"projects/59850262489/locations/us-central1/builds/731e3283-f72c-41b3-978b-8bfe67b3e998","resourceUri":"https://console.cloud.google.com/cloud-build/builds;region=us-central1/731e3283-f72c-41b3-978b-8bfe67b3e998?project=59850262489"},{"name":"SERVICE","state":"NOT_STARTED"},{"name":"TRIGGER","state":"NOT_STARTED"}],"operationType":"CREATE_FUNCTION","buildName":"projects/59850262489/locations/us-central1/builds/731e3283-f72c-41b3-978b-8bfe67b3e998"},"done":false}
[debug] [2025-02-23T01:11:58.925Z] [create-default-us-central1-validatePhoto] Retrying task index 0
[debug] [2025-02-23T01:11:58.925Z] Checked if tokens are valid: true, expires at: 1740275506372
[debug] [2025-02-23T01:11:58.925Z] Checked if tokens are valid: true, expires at: 1740275506372
[debug] [2025-02-23T01:11:58.926Z] >>> [apiv2][query] GET https://cloudfunctions.googleapis.com/v2/projects/naloxonefinder-2067f/locations/us-central1/operations/operation-1740273038559-62ec4e4468740-c0bb1a6a-021c9f0d [none]
[debug] [2025-02-23T01:11:59.274Z] <<< [apiv2][status] GET https://cloudfunctions.googleapis.com/v2/projects/naloxonefinder-2067f/locations/us-central1/operations/operation-1740273038559-62ec4e4468740-c0bb1a6a-021c9f0d 200
[debug] [2025-02-23T01:11:59.275Z] <<< [apiv2][body] GET https://cloudfunctions.googleapis.com/v2/projects/naloxonefinder-2067f/locations/us-central1/operations/operation-1740273038559-62ec4e4468740-c0bb1a6a-021c9f0d {"name":"projects/naloxonefinder-2067f/locations/us-central1/operations/operation-1740273038559-62ec4e4468740-c0bb1a6a-021c9f0d","metadata":{"@type":"type.googleapis.com/google.cloud.functions.v2.OperationMetadata","createTime":"2025-02-23T01:10:39.723766300Z","endTime":"2025-02-23T01:11:50.552166479Z","target":"projects/naloxonefinder-2067f/locations/us-central1/functions/validatePhoto","verb":"create","cancelRequested":false,"apiVersion":"v2","requestResource":{"@type":"type.googleapis.com/google.cloud.functions.v2.Function","name":"projects/naloxonefinder-2067f/locations/us-central1/functions/validatePhoto","buildConfig":{"runtime":"nodejs22","entryPoint":"validatePhoto","source":{"storageSource":{"bucket":"gcf-v2-sources-59850262489-us-central1","object":"validatePhoto/function-source.zip","generation":"1740273038803714"}},"environmentVariables":{"GOOGLE_NODE_RUN_SCRIPTS":""},"serviceAccount":"projects/naloxonefinder-2067f/serviceAccounts/59850262489-compute@developer.gserviceaccount.com","automaticUpdatePolicy":{}},"serviceConfig":{"service":"projects/naloxonefinder-2067f/locations/us-central1/services/validatephoto","timeoutSeconds":60,"environmentVariables":{"FIREBASE_CONFIG":"{\"projectId\":\"naloxonefinder-2067f\",\"storageBucket\":\"naloxonefinder-2067f.firebasestorage.app\"}","GCLOUD_PROJECT":"naloxonefinder-2067f","EVENTARC_CLOUD_EVENT_SOURCE":"projects/naloxonefinder-2067f/locations/us-central1/services/validatePhoto","FUNCTION_SIGNATURE_TYPE":"cloudevent","FUNCTION_TARGET":"validatePhoto","LOG_EXECUTION_ID":"true"},"ingressSettings":"ALLOW_ALL","serviceAccountEmail":"59850262489-compute@developer.gserviceaccount.com","availableMemory":"256Mi","maxInstanceRequestConcurrency":80,"availableCpu":"1"},"eventTrigger":{"trigger":"projects/naloxonefinder-2067f/locations/us-central1/triggers/validatephoto-901627","triggerRegion":"us-central1","eventType":"google.cloud.storage.object.v1.finalized","eventFilters":[{"attribute":"bucket","value":"naloxonefinder-2067f.firebasestorage.app"}],"serviceAccountEmail":"59850262489-compute@developer.gserviceaccount.com","retryPolicy":"RETRY_POLICY_DO_NOT_RETRY"},"labels":{"deployment-tool":"cli-firebase","firebase-functions-hash":"9741dcacb873e1a93421c5a169ac69949a934a90"},"environment":"GEN_2"},"stages":[{"name":"ARTIFACT_REGISTRY","message":"Deleting function artifacts in Artifact Registry","state":"COMPLETE"},{"name":"SERVICE","message":"Deleting Cloud Run service","state":"COMPLETE","resource":"projects/naloxonefinder-2067f/locations/us-central1/services/validatephoto"},{"name":"TRIGGER","message":"Deleting Eventarc trigger","state":"COMPLETE","resource":"projects/naloxonefinder-2067f/locations/us-central1/triggers/validatephoto-901627"}],"operationType":"CREATE_FUNCTION"},"done":true,"error":{"code":3,"message":"Build failed with status: FAILURE and message: npm error code ETARGET\nnpm error notarget No matching version found for @google-cloud/vision@^3.5.0.\nnpm error notarget In most cases you or one of your dependencies are requesting\nnpm error notarget a package version that doesn't exist.\nnpm error A complete log of this run can be found in: /www-data-home/.npm/_logs/2025-02-23T01_11_27_121Z-debug-0.log. For more details see the logs at https://console.cloud.google.com/cloud-build/builds;region=us-central1/731e3283-f72c-41b3-978b-8bfe67b3e998?project=59850262489."}}
[debug] [2025-02-23T01:11:59.275Z] Got source token undefined for region us-central1
[error] Build failed with status: FAILURE and message: npm error code ETARGET
npm error notarget No matching version found for @google-cloud/vision@^3.5.0.
npm error notarget In most cases you or one of your dependencies are requesting
npm error notarget a package version that doesn't exist.
npm error A complete log of this run can be found in: /www-data-home/.npm/_logs/2025-02-23T01_11_27_121Z-debug-0.log. For more details see the logs at https://console.cloud.google.com/cloud-build/builds;region=us-central1/731e3283-f72c-41b3-978b-8bfe67b3e998?project=59850262489.
[debug] [2025-02-23T01:11:59.294Z] Total Function Deployment time: 80916
[debug] [2025-02-23T01:11:59.294Z] 1 Functions Deployed
[debug] [2025-02-23T01:11:59.294Z] 1 Functions Errored
[debug] [2025-02-23T01:11:59.294Z] 0 Function Deployments Aborted
[debug] [2025-02-23T01:11:59.294Z] Average Function Deployment time: 80915
[info] 
[info] Functions deploy had errors with the following functions:
	validatePhoto(us-central1)
[info] i  functions: cleaning up build files... 
[debug] [2025-02-23T01:11:59.398Z] Checked if tokens are valid: true, expires at: 1740275506372
[debug] [2025-02-23T01:11:59.398Z] Checked if tokens are valid: true, expires at: 1740275506372
[debug] [2025-02-23T01:11:59.399Z] Checked if tokens are valid: true, expires at: 1740275506372
[debug] [2025-02-23T01:11:59.399Z] Checked if tokens are valid: true, expires at: 1740275506372
[debug] [2025-02-23T01:11:59.399Z] >>> [apiv2][query] DELETE https://artifactregistry.googleapis.com/v1beta2/projects/naloxonefinder-2067f/locations/us-central1/repositories/gcf-artifacts/packages/validate_photo [none]
[debug] [2025-02-23T01:11:59.401Z] >>> [apiv2][query] GET https://us.gcr.io/v2/naloxonefinder-2067f/gcf/us-central1/tags/list [none]
[debug] [2025-02-23T01:11:59.559Z] <<< [apiv2][status] DELETE https://artifactregistry.googleapis.com/v1beta2/projects/naloxonefinder-2067f/locations/us-central1/repositories/gcf-artifacts/packages/validate_photo 404
[debug] [2025-02-23T01:11:59.560Z] <<< [apiv2][body] DELETE https://artifactregistry.googleapis.com/v1beta2/projects/naloxonefinder-2067f/locations/us-central1/repositories/gcf-artifacts/packages/validate_photo {"error":{"code":404,"message":"Package \"projects/naloxonefinder-2067f/locations/us-central1/repositories/gcf-artifacts/packages/validate_photo\" was not found.","status":"NOT_FOUND"}}
[debug] [2025-02-23T01:11:59.842Z] <<< [apiv2][status] GET https://us.gcr.io/v2/naloxonefinder-2067f/gcf/us-central1/tags/list 404
[debug] [2025-02-23T01:11:59.843Z] <<< [apiv2][body] GET https://us.gcr.io/v2/naloxonefinder-2067f/gcf/us-central1/tags/list {"errors":[{"code":"NAME_UNKNOWN","message":"Repository \"us.gcr.io\" not found"}]}
[debug] [2025-02-23T01:11:59.844Z] Failed docker command with error  Request to https://us.gcr.io/v2/naloxonefinder-2067f/gcf/us-central1/tags/list had HTTP Error: 404, Not Found {"name":"FirebaseError","children":[],"context":{"body":{"errors":[{"code":"NAME_UNKNOWN","message":"Repository \"us.gcr.io\" not found"}],"error":{"message":"Not Found"}},"response":{"statusCode":404}},"exit":1,"message":"Request to https://us.gcr.io/v2/naloxonefinder-2067f/gcf/us-central1/tags/list had HTTP Error: 404, Not Found","status":404}
[debug] [2025-02-23T01:11:59.855Z] Checked if tokens are valid: true, expires at: 1740275506372
[debug] [2025-02-23T01:11:59.856Z] Checked if tokens are valid: true, expires at: 1740275506372
[debug] [2025-02-23T01:11:59.856Z] >>> [apiv2][query] GET https://us.gcr.io/v2/naloxonefinder-2067f/gcf/us-central1/tags/list [none]
[debug] [2025-02-23T01:12:00.233Z] <<< [apiv2][status] GET https://us.gcr.io/v2/naloxonefinder-2067f/gcf/us-central1/tags/list 404
[debug] [2025-02-23T01:12:00.234Z] <<< [apiv2][body] GET https://us.gcr.io/v2/naloxonefinder-2067f/gcf/us-central1/tags/list {"errors":[{"code":"NAME_UNKNOWN","message":"Repository \"us.gcr.io\" not found"}]}
[debug] [2025-02-23T01:12:00.234Z] Failed docker command with error  Request to https://us.gcr.io/v2/naloxonefinder-2067f/gcf/us-central1/tags/list had HTTP Error: 404, Not Found {"name":"FirebaseError","children":[],"context":{"body":{"errors":[{"code":"NAME_UNKNOWN","message":"Repository \"us.gcr.io\" not found"}],"error":{"message":"Not Found"}},"response":{"statusCode":404}},"exit":1,"message":"Request to https://us.gcr.io/v2/naloxonefinder-2067f/gcf/us-central1/tags/list had HTTP Error: 404, Not Found","status":404}
[debug] [2025-02-23T01:12:00.348Z] Checked if tokens are valid: true, expires at: 1740275506372
[debug] [2025-02-23T01:12:00.348Z] Checked if tokens are valid: true, expires at: 1740275506372
[debug] [2025-02-23T01:12:00.348Z] >>> [apiv2][query] GET https://us.gcr.io/v2/naloxonefinder-2067f/gcf/us-central1/tags/list [none]
[debug] [2025-02-23T01:12:00.573Z] <<< [apiv2][status] GET https://us.gcr.io/v2/naloxonefinder-2067f/gcf/us-central1/tags/list 404
[debug] [2025-02-23T01:12:00.573Z] <<< [apiv2][body] GET https://us.gcr.io/v2/naloxonefinder-2067f/gcf/us-central1/tags/list {"errors":[{"code":"NAME_UNKNOWN","message":"Repository \"us.gcr.io\" not found"}]}
[debug] [2025-02-23T01:12:00.573Z] Failed docker command with error  Request to https://us.gcr.io/v2/naloxonefinder-2067f/gcf/us-central1/tags/list had HTTP Error: 404, Not Found {"name":"FirebaseError","children":[],"context":{"body":{"errors":[{"code":"NAME_UNKNOWN","message":"Repository \"us.gcr.io\" not found"}],"error":{"message":"Not Found"}},"response":{"statusCode":404}},"exit":1,"message":"Request to https://us.gcr.io/v2/naloxonefinder-2067f/gcf/us-central1/tags/list had HTTP Error: 404, Not Found","status":404}
[warn] !  functions: Unhandled error cleaning up build images. This could result in a small monthly bill if not corrected. You can attempt to delete these images by redeploying or you can delete them manually at https://console.cloud.google.com/gcr/images/naloxonefinder-2067f/us/gcf 
[debug] [2025-02-23T01:12:00.576Z] Functions deploy failed.
[debug] [2025-02-23T01:12:00.576Z] {
  "endpoint": {
    "id": "validatePhoto",
    "project": "naloxonefinder-2067f",
    "region": "us-central1",
    "entryPoint": "validatePhoto",
    "platform": "gcfv2",
    "runtime": "nodejs22",
    "eventTrigger": {
      "eventType": "google.cloud.storage.object.v1.finalized",
      "retry": false,
      "eventFilters": {
        "bucket": "naloxonefinder-2067f.firebasestorage.app"
      },
      "region": "us-central1"
    },
    "labels": {
      "deployment-tool": "cli-firebase"
    },
    "ingressSettings": null,
    "availableMemoryMb": null,
    "serviceAccount": null,
    "timeoutSeconds": null,
    "maxInstances": null,
    "minInstances": null,
    "concurrency": 80,
    "vpc": null,
    "environmentVariables": {
      "FIREBASE_CONFIG": "{\"projectId\":\"naloxonefinder-2067f\",\"storageBucket\":\"naloxonefinder-2067f.firebasestorage.app\"}",
      "GCLOUD_PROJECT": "naloxonefinder-2067f",
      "EVENTARC_CLOUD_EVENT_SOURCE": "projects/naloxonefinder-2067f/locations/us-central1/services/validatePhoto"
    },
    "codebase": "default",
    "cpu": 1,
    "targetedByOnly": false,
    "hash": "9741dcacb873e1a93421c5a169ac69949a934a90"
  },
  "op": "create",
  "original": {
    "name": "FirebaseError",
    "children": [],
    "exit": 1,
    "message": "Build failed with status: FAILURE and message: npm error code ETARGET\nnpm error notarget No matching version found for @google-cloud/vision@^3.5.0.\nnpm error notarget In most cases you or one of your dependencies are requesting\nnpm error notarget a package version that doesn't exist.\nnpm error A complete log of this run can be found in: /www-data-home/.npm/_logs/2025-02-23T01_11_27_121Z-debug-0.log. For more details see the logs at https://console.cloud.google.com/cloud-build/builds;region=us-central1/731e3283-f72c-41b3-978b-8bfe67b3e998?project=59850262489.",
    "original": {
      "code": 3,
      "message": "Build failed with status: FAILURE and message: npm error code ETARGET\nnpm error notarget No matching version found for @google-cloud/vision@^3.5.0.\nnpm error notarget In most cases you or one of your dependencies are requesting\nnpm error notarget a package version that doesn't exist.\nnpm error A complete log of this run can be found in: /www-data-home/.npm/_logs/2025-02-23T01_11_27_121Z-debug-0.log. For more details see the logs at https://console.cloud.google.com/cloud-build/builds;region=us-central1/731e3283-f72c-41b3-978b-8bfe67b3e998?project=59850262489."
    },
    "status": 3,
    "code": 3
  }
}
[debug] [2025-02-23T01:12:01.211Z] Error: Failed to create function validatePhoto in region us-central1
    at C:\ProgramData\nvm\v18.20.7\node_modules\firebase-tools\lib\deploy\functions\release\fabricator.js:294:27
    at process.processTicksAndRejections (node:internal/process/task_queues:95:5)
    at async Fabricator.createV2Function (C:\ProgramData\nvm\v18.20.7\node_modules\firebase-tools\lib\deploy\functions\release\fabricator.js:278:30)
    at async Fabricator.createEndpoint (C:\ProgramData\nvm\v18.20.7\node_modules\firebase-tools\lib\deploy\functions\release\fabricator.js:137:13)
    at async handle (C:\ProgramData\nvm\v18.20.7\node_modules\firebase-tools\lib\deploy\functions\release\fabricator.js:89:17)
[error] 
[error] Error: There was an error deploying functions
